[2023-11-15 15:38:40] This is codeql database create wcd --language=go --source-root /Users/yunus.aydin/Research/codeql-fork/go/ql/src/experimental/CWE-525/ --overwrite
[2023-11-15 15:38:40] Log file was started late.
[2023-11-15 15:38:40] [PROGRESS] database create> Initializing database at /Users/yunus.aydin/Research/codeql-fork/go/ql/src/experimental/CWE-525/wcd.
[2023-11-15 15:38:40] Running plumbing command: codeql database init --overwrite --language=go --extractor-options-verbosity=1 --qlconfig-file=/Users/yunus.aydin/Research/codeql-fork/go/ql/src/experimental/CWE-525/qlconfig.yml --source-root=/Users/yunus.aydin/Research/codeql-fork/go/ql/src/experimental/CWE-525 --allow-missing-source-root=false --allow-already-existing -- /Users/yunus.aydin/Research/codeql-fork/go/ql/src/experimental/CWE-525/wcd
[2023-11-15 15:38:40] Calling plumbing command: codeql resolve languages --extractor-options-verbosity=1 --format=betterjson
[2023-11-15 15:38:41] [DETAILS] resolve languages> Scanning for [codeql-extractor.yml] from /Users/yunus.aydin/Research/codeql/.codeqlmanifest.json
[2023-11-15 15:38:41] [DETAILS] resolve languages> Parsing /Users/yunus.aydin/Research/codeql/go/codeql-extractor.yml.
[2023-11-15 15:38:41] [DETAILS] resolve languages> Parsing /Users/yunus.aydin/Research/codeql/python/codeql-extractor.yml.
[2023-11-15 15:38:41] [DETAILS] resolve languages> Parsing /Users/yunus.aydin/Research/codeql/java/codeql-extractor.yml.
[2023-11-15 15:38:41] [DETAILS] resolve languages> Parsing /Users/yunus.aydin/Research/codeql/html/codeql-extractor.yml.
[2023-11-15 15:38:41] [DETAILS] resolve languages> Parsing /Users/yunus.aydin/Research/codeql/xml/codeql-extractor.yml.
[2023-11-15 15:38:41] [DETAILS] resolve languages> Parsing /Users/yunus.aydin/Research/codeql/properties/codeql-extractor.yml.
[2023-11-15 15:38:41] [DETAILS] resolve languages> Parsing /Users/yunus.aydin/Research/codeql/cpp/codeql-extractor.yml.
[2023-11-15 15:38:41] [DETAILS] resolve languages> Parsing /Users/yunus.aydin/Research/codeql/swift/codeql-extractor.yml.
[2023-11-15 15:38:41] [DETAILS] resolve languages> Parsing /Users/yunus.aydin/Research/codeql/csv/codeql-extractor.yml.
[2023-11-15 15:38:41] [DETAILS] resolve languages> Parsing /Users/yunus.aydin/Research/codeql/yaml/codeql-extractor.yml.
[2023-11-15 15:38:41] [DETAILS] resolve languages> Parsing /Users/yunus.aydin/Research/codeql/csharp/codeql-extractor.yml.
[2023-11-15 15:38:41] [DETAILS] resolve languages> Parsing /Users/yunus.aydin/Research/codeql/javascript/codeql-extractor.yml.
[2023-11-15 15:38:41] [DETAILS] resolve languages> Parsing /Users/yunus.aydin/Research/codeql/ruby/codeql-extractor.yml.
[2023-11-15 15:38:41] Plumbing command codeql resolve languages completed:
                      {
                        "aliases" : {
                          "c" : "cpp",
                          "c++" : "cpp",
                          "c-c++" : "cpp",
                          "c-cpp" : "cpp",
                          "c#" : "csharp",
                          "java-kotlin" : "java",
                          "kotlin" : "java",
                          "javascript-typescript" : "javascript",
                          "typescript" : "javascript"
                        },
                        "extractors" : {
                          "go" : [
                            {
                              "extractor_root" : "/Users/yunus.aydin/Research/codeql/go"
                            }
                          ],
                          "python" : [
                            {
                              "extractor_root" : "/Users/yunus.aydin/Research/codeql/python"
                            }
                          ],
                          "java" : [
                            {
                              "extractor_root" : "/Users/yunus.aydin/Research/codeql/java",
                              "extractor_options" : {
                                "exclude" : {
                                  "title" : "A glob excluding files from analysis.",
                                  "description" : "A glob indicating what files to exclude from the analysis.\n",
                                  "type" : "string"
                                },
                                "add_prefer_source" : {
                                  "title" : "Whether to always prefer source files over class files.",
                                  "description" : "A value indicating whether source files should be preferred over class files. If set to 'true', the extraction adds '-Xprefer:source' to the javac command line. If set to 'false', the extraction uses the default javac behavior ('-Xprefer:newer'). The default is 'true'.\n",
                                  "type" : "string",
                                  "pattern" : "^(false|true)$"
                                },
                                "buildless" : {
                                  "title" : "Whether to use buildless (standalone) extraction (experimental).",
                                  "description" : "A value indicating, which type of extraction the autobuilder should perform. If 'true', then the standalone extractor will be used, otherwise tracing extraction will be performed. The default is 'false'. Note that buildless extraction will generally yield less accurate analysis results, and should only be used in cases where it is not possible to build the code (for example if it uses inaccessible dependencies).\n",
                                  "type" : "string",
                                  "pattern" : "^(false|true)$"
                                }
                              }
                            }
                          ],
                          "html" : [
                            {
                              "extractor_root" : "/Users/yunus.aydin/Research/codeql/html"
                            }
                          ],
                          "xml" : [
                            {
                              "extractor_root" : "/Users/yunus.aydin/Research/codeql/xml"
                            }
                          ],
                          "properties" : [
                            {
                              "extractor_root" : "/Users/yunus.aydin/Research/codeql/properties"
                            }
                          ],
                          "cpp" : [
                            {
                              "extractor_root" : "/Users/yunus.aydin/Research/codeql/cpp"
                            }
                          ],
                          "swift" : [
                            {
                              "extractor_root" : "/Users/yunus.aydin/Research/codeql/swift"
                            }
                          ],
                          "csv" : [
                            {
                              "extractor_root" : "/Users/yunus.aydin/Research/codeql/csv"
                            }
                          ],
                          "yaml" : [
                            {
                              "extractor_root" : "/Users/yunus.aydin/Research/codeql/yaml"
                            }
                          ],
                          "csharp" : [
                            {
                              "extractor_root" : "/Users/yunus.aydin/Research/codeql/csharp",
                              "extractor_options" : {
                                "trap" : {
                                  "title" : "Options pertaining to TRAP.",
                                  "description" : "Options pertaining to TRAP.",
                                  "type" : "object",
                                  "properties" : {
                                    "compression" : {
                                      "title" : "Controls compression for the TRAP files written by the extractor.",
                                      "description" : "This option is only intended for use in debugging the extractor. Accepted values are 'brotli' (the default, to write brotli-compressed TRAP), 'gzip', and 'none' (to write uncompressed TRAP).\n",
                                      "type" : "string",
                                      "pattern" : "^(none|gzip|brotli)$"
                                    }
                                  }
                                },
                                "buildless" : {
                                  "title" : "Whether to use buildless (standalone) extraction.",
                                  "description" : "A value indicating, which type of extraction the autobuilder should perform. If 'true', then the standalone extractor will be used, otherwise tracing extraction will be performed. The default is 'false'. Note that buildless extraction will generally yield less accurate analysis results, and should only be used in cases where it is not possible to build the code (for example if it uses inaccessible dependencies).\n",
                                  "type" : "string",
                                  "pattern" : "^(false|true)$"
                                },
                                "cil" : {
                                  "title" : "Whether to enable CIL extraction.",
                                  "description" : "A value indicating, whether CIL extraction should be enabled. The default is 'true'.\n",
                                  "type" : "string",
                                  "pattern" : "^(false|true)$"
                                }
                              }
                            }
                          ],
                          "javascript" : [
                            {
                              "extractor_root" : "/Users/yunus.aydin/Research/codeql/javascript",
                              "extractor_options" : { }
                            }
                          ],
                          "ruby" : [
                            {
                              "extractor_root" : "/Users/yunus.aydin/Research/codeql/ruby",
                              "extractor_options" : {
                                "trap" : {
                                  "title" : "Options pertaining to TRAP.",
                                  "description" : "Options pertaining to TRAP.",
                                  "type" : "object",
                                  "properties" : {
                                    "compression" : {
                                      "title" : "Controls compression for the TRAP files written by the extractor.",
                                      "description" : "This option is only intended for use in debugging the extractor. Accepted values are 'gzip' (the default, to write gzip-compressed TRAP) and 'none' (to write uncompressed TRAP).\n",
                                      "type" : "string",
                                      "pattern" : "^(none|gzip)$"
                                    }
                                  }
                                }
                              }
                            }
                          ]
                        }
                      }
[2023-11-15 15:38:41] [PROGRESS] database init> Calculating baseline information in /Users/yunus.aydin/Research/codeql-fork/go/ql/src/experimental/CWE-525
[2023-11-15 15:38:41] [SPAMMY] database init> Ignoring the following directories when processing baseline information: .git, .hg, .svn.
[2023-11-15 15:38:41] [DETAILS] database init> Running command in /Users/yunus.aydin/Research/codeql-fork/go/ql/src/experimental/CWE-525: /Users/yunus.aydin/Research/codeql/tools/osx64/scc --by-file --exclude-dir .git,.hg,.svn --format json --no-large --no-min .
[2023-11-15 15:38:41] Using configure-baseline script /Users/yunus.aydin/Research/codeql/go/tools/configure-baseline.sh.
[2023-11-15 15:38:41] [PROGRESS] database init> Running command in /Users/yunus.aydin/Research/codeql-fork/go/ql/src/experimental/CWE-525: [/Users/yunus.aydin/Research/codeql/go/tools/configure-baseline.sh]
[2023-11-15 15:38:41] [SPAMMY] database init> Found 1 baseline files for go.
[2023-11-15 15:38:41] [PROGRESS] database init> Calculated baseline information for languages: go (151ms).
[2023-11-15 15:38:41] [PROGRESS] database init> Resolving extractor go.
[2023-11-15 15:38:41] [DETAILS] database init> Found candidate extractor root for go: /Users/yunus.aydin/Research/codeql/go.
[2023-11-15 15:38:41] [PROGRESS] database init> Successfully loaded extractor Go (go) from /Users/yunus.aydin/Research/codeql/go.
[2023-11-15 15:38:41] [PROGRESS] database init> Created skeleton CodeQL database at /Users/yunus.aydin/Research/codeql-fork/go/ql/src/experimental/CWE-525/wcd. This in-progress database is ready to be populated by an extractor.
[2023-11-15 15:38:41] Plumbing command codeql database init completed.
[2023-11-15 15:38:41] Using autobuild script /Users/yunus.aydin/Research/codeql/go/tools/autobuild.sh.
[2023-11-15 15:38:41] [DETAILS] database create> Detected autobuild command for Go: /Users/yunus.aydin/Research/codeql/go/tools/autobuild.sh.
[2023-11-15 15:38:41] [PROGRESS] database create> Running build command: [/Users/yunus.aydin/Research/codeql/go/tools/autobuild.sh]
[2023-11-15 15:38:41] Running plumbing command: codeql database trace-command --working-dir=/Users/yunus.aydin/Research/codeql-fork/go/ql/src/experimental/CWE-525 --index-traceless-dbs --no-db-cluster -- /Users/yunus.aydin/Research/codeql-fork/go/ql/src/experimental/CWE-525/wcd /Users/yunus.aydin/Research/codeql/go/tools/autobuild.sh
[2023-11-15 15:38:41] [PROGRESS] database trace-command> Running command in /Users/yunus.aydin/Research/codeql-fork/go/ql/src/experimental/CWE-525: [/Users/yunus.aydin/Research/codeql/go/tools/autobuild.sh]
[2023-11-15 15:38:43] [build-stderr] 2023/11/15 15:38:43 Autobuilder was built with go1.21.1, environment has go1.21.1
[2023-11-15 15:38:43] [build-stderr] 2023/11/15 15:38:43 LGTM_SRC is /Users/yunus.aydin/Research/codeql-fork/go/ql/src/experimental/CWE-525
[2023-11-15 15:38:43] [build-stderr] 2023/11/15 15:38:43 Unable to determine import path, as neither LGTM_INDEX_IMPORT_PATH nor GITHUB_REPOSITORY is set
[2023-11-15 15:38:43] [build-stderr] 2023/11/15 15:38:43 Failed to determine import path, not setting up GOPATH
[2023-11-15 15:38:43] [build-stderr] 2023/11/15 15:38:43 Build failed, continuing to install dependencies.
[2023-11-15 15:38:43] [build-stderr] 2023/11/15 15:38:43 Installing dependencies using `go get -v ./...` in `.`.
[2023-11-15 15:38:44] [build-stderr] go: no install location for directory /Users/yunus.aydin/Research/codeql-fork/go/ql/src/experimental/CWE-525 outside GOPATH
[2023-11-15 15:38:44] [build-stderr] 	For more details see: 'go help gopath'
[2023-11-15 15:38:44] [build-stderr] 2023/11/15 15:38:44 Running /usr/local/go/bin/go failed, continuing anyway: exit status 1
[2023-11-15 15:38:44] [build-stderr] 2023/11/15 15:38:44 Running extractor command '/Users/yunus.aydin/Research/codeql/go/tools/osx64/go-extractor [./...]' from directory '.'.
[2023-11-15 15:38:44] [build-stderr] 2023/11/15 15:38:44 Build flags: ''; patterns: './...'
[2023-11-15 15:38:44] [build-stderr] 2023/11/15 15:38:44 Go module mode disabled.
[2023-11-15 15:38:44] [build-stderr] 2023/11/15 15:38:44 Running packages.Load.
[2023-11-15 15:38:45] [build-stderr] 2023/11/15 15:38:45 Done running packages.Load.
[2023-11-15 15:38:45] [build-stderr] 2023/11/15 15:38:45 Extracting universe scope.
[2023-11-15 15:38:45] [build-stderr] 2023/11/15 15:38:45 Done extracting universe scope.
[2023-11-15 15:38:45] [build-stderr] 2023/11/15 15:38:45 Processing package internal/goarch.
[2023-11-15 15:38:45] [build-stderr] 2023/11/15 15:38:45 Extracting types for package internal/goarch.
[2023-11-15 15:38:45] [build-stderr] 2023/11/15 15:38:45 Done extracting types for package internal/goarch.
[2023-11-15 15:38:45] [build-stderr] 2023/11/15 15:38:45 Processing package unsafe.
[2023-11-15 15:38:45] [build-stderr] 2023/11/15 15:38:45 Extracting types for package unsafe.
[2023-11-15 15:38:45] [build-stderr] 2023/11/15 15:38:45 Done extracting types for package unsafe.
[2023-11-15 15:38:45] [build-stderr] 2023/11/15 15:38:45 Processing package internal/abi.
[2023-11-15 15:38:45] [build-stderr] 2023/11/15 15:38:45 Extracting types for package internal/abi.
[2023-11-15 15:38:45] [build-stderr] 2023/11/15 15:38:45 Done extracting types for package internal/abi.
[2023-11-15 15:38:45] [build-stderr] 2023/11/15 15:38:45 Processing package internal/unsafeheader.
[2023-11-15 15:38:45] [build-stderr] 2023/11/15 15:38:45 Extracting types for package internal/unsafeheader.
[2023-11-15 15:38:45] [build-stderr] 2023/11/15 15:38:45 Done extracting types for package internal/unsafeheader.
[2023-11-15 15:38:45] [build-stderr] 2023/11/15 15:38:45 Processing package internal/cpu.
[2023-11-15 15:38:45] [build-stderr] 2023/11/15 15:38:45 Extracting types for package internal/cpu.
[2023-11-15 15:38:45] [build-stderr] 2023/11/15 15:38:45 Done extracting types for package internal/cpu.
[2023-11-15 15:38:45] [build-stderr] 2023/11/15 15:38:45 Processing package internal/bytealg.
[2023-11-15 15:38:45] [build-stderr] 2023/11/15 15:38:45 Extracting types for package internal/bytealg.
[2023-11-15 15:38:45] [build-stderr] 2023/11/15 15:38:45 Done extracting types for package internal/bytealg.
[2023-11-15 15:38:45] [build-stderr] 2023/11/15 15:38:45 Processing package internal/coverage/rtcov.
[2023-11-15 15:38:45] [build-stderr] 2023/11/15 15:38:45 Extracting types for package internal/coverage/rtcov.
[2023-11-15 15:38:45] [build-stderr] 2023/11/15 15:38:45 Done extracting types for package internal/coverage/rtcov.
[2023-11-15 15:38:45] [build-stderr] 2023/11/15 15:38:45 Processing package internal/godebugs.
[2023-11-15 15:38:46] [build-stderr] 2023/11/15 15:38:46 Extracting types for package internal/godebugs.
[2023-11-15 15:38:46] [build-stderr] 2023/11/15 15:38:46 Done extracting types for package internal/godebugs.
[2023-11-15 15:38:46] [build-stderr] 2023/11/15 15:38:46 Processing package internal/goexperiment.
[2023-11-15 15:38:46] [build-stderr] 2023/11/15 15:38:46 Extracting types for package internal/goexperiment.
[2023-11-15 15:38:46] [build-stderr] 2023/11/15 15:38:46 Done extracting types for package internal/goexperiment.
[2023-11-15 15:38:46] [build-stderr] 2023/11/15 15:38:46 Processing package internal/goos.
[2023-11-15 15:38:46] [build-stderr] 2023/11/15 15:38:46 Extracting types for package internal/goos.
[2023-11-15 15:38:46] [build-stderr] 2023/11/15 15:38:46 Done extracting types for package internal/goos.
[2023-11-15 15:38:46] [build-stderr] 2023/11/15 15:38:46 Processing package runtime/internal/atomic.
[2023-11-15 15:38:46] [build-stderr] 2023/11/15 15:38:46 Extracting types for package runtime/internal/atomic.
[2023-11-15 15:38:46] [build-stderr] 2023/11/15 15:38:46 Done extracting types for package runtime/internal/atomic.
[2023-11-15 15:38:46] [build-stderr] 2023/11/15 15:38:46 Processing package runtime/internal/math.
[2023-11-15 15:38:46] [build-stderr] 2023/11/15 15:38:46 Extracting types for package runtime/internal/math.
[2023-11-15 15:38:46] [build-stderr] 2023/11/15 15:38:46 Done extracting types for package runtime/internal/math.
[2023-11-15 15:38:46] [build-stderr] 2023/11/15 15:38:46 Processing package runtime/internal/sys.
[2023-11-15 15:38:46] [build-stderr] 2023/11/15 15:38:46 Extracting types for package runtime/internal/sys.
[2023-11-15 15:38:46] [build-stderr] 2023/11/15 15:38:46 Done extracting types for package runtime/internal/sys.
[2023-11-15 15:38:46] [build-stderr] 2023/11/15 15:38:46 Processing package runtime.
[2023-11-15 15:38:46] [build-stderr] 2023/11/15 15:38:46 Extracting types for package runtime.
[2023-11-15 15:38:46] [build-stderr] 2023/11/15 15:38:46 Done extracting types for package runtime.
[2023-11-15 15:38:46] [build-stderr] 2023/11/15 15:38:46 Processing package internal/reflectlite.
[2023-11-15 15:38:46] [build-stderr] 2023/11/15 15:38:46 Extracting types for package internal/reflectlite.
[2023-11-15 15:38:46] [build-stderr] 2023/11/15 15:38:46 Done extracting types for package internal/reflectlite.
[2023-11-15 15:38:46] [build-stderr] 2023/11/15 15:38:46 Processing package errors.
[2023-11-15 15:38:46] [build-stderr] 2023/11/15 15:38:46 Extracting types for package errors.
[2023-11-15 15:38:46] [build-stderr] 2023/11/15 15:38:46 Done extracting types for package errors.
[2023-11-15 15:38:46] [build-stderr] 2023/11/15 15:38:46 Processing package internal/itoa.
[2023-11-15 15:38:46] [build-stderr] 2023/11/15 15:38:46 Extracting types for package internal/itoa.
[2023-11-15 15:38:46] [build-stderr] 2023/11/15 15:38:46 Done extracting types for package internal/itoa.
[2023-11-15 15:38:46] [build-stderr] 2023/11/15 15:38:46 Processing package math/bits.
[2023-11-15 15:38:46] [build-stderr] 2023/11/15 15:38:46 Extracting types for package math/bits.
[2023-11-15 15:38:46] [build-stderr] 2023/11/15 15:38:46 Done extracting types for package math/bits.
[2023-11-15 15:38:46] [build-stderr] 2023/11/15 15:38:46 Processing package math.
[2023-11-15 15:38:46] [build-stderr] 2023/11/15 15:38:46 Extracting types for package math.
[2023-11-15 15:38:46] [build-stderr] 2023/11/15 15:38:46 Done extracting types for package math.
[2023-11-15 15:38:46] [build-stderr] 2023/11/15 15:38:46 Processing package unicode/utf8.
[2023-11-15 15:38:47] [build-stderr] 2023/11/15 15:38:47 Extracting types for package unicode/utf8.
[2023-11-15 15:38:47] [build-stderr] 2023/11/15 15:38:47 Done extracting types for package unicode/utf8.
[2023-11-15 15:38:47] [build-stderr] 2023/11/15 15:38:47 Processing package strconv.
[2023-11-15 15:38:47] [build-stderr] 2023/11/15 15:38:47 Extracting types for package strconv.
[2023-11-15 15:38:47] [build-stderr] 2023/11/15 15:38:47 Done extracting types for package strconv.
[2023-11-15 15:38:47] [build-stderr] 2023/11/15 15:38:47 Processing package internal/race.
[2023-11-15 15:38:47] [build-stderr] 2023/11/15 15:38:47 Extracting types for package internal/race.
[2023-11-15 15:38:47] [build-stderr] 2023/11/15 15:38:47 Done extracting types for package internal/race.
[2023-11-15 15:38:47] [build-stderr] 2023/11/15 15:38:47 Processing package sync/atomic.
[2023-11-15 15:38:47] [build-stderr] 2023/11/15 15:38:47 Extracting types for package sync/atomic.
[2023-11-15 15:38:47] [build-stderr] 2023/11/15 15:38:47 Done extracting types for package sync/atomic.
[2023-11-15 15:38:47] [build-stderr] 2023/11/15 15:38:47 Processing package sync.
[2023-11-15 15:38:47] [build-stderr] 2023/11/15 15:38:47 Extracting types for package sync.
[2023-11-15 15:38:47] [build-stderr] 2023/11/15 15:38:47 Done extracting types for package sync.
[2023-11-15 15:38:47] [build-stderr] 2023/11/15 15:38:47 Processing package unicode.
[2023-11-15 15:38:47] [build-stderr] 2023/11/15 15:38:47 Extracting types for package unicode.
[2023-11-15 15:38:47] [build-stderr] 2023/11/15 15:38:47 Done extracting types for package unicode.
[2023-11-15 15:38:47] [build-stderr] 2023/11/15 15:38:47 Processing package reflect.
[2023-11-15 15:38:47] [build-stderr] 2023/11/15 15:38:47 Extracting types for package reflect.
[2023-11-15 15:38:47] [build-stderr] 2023/11/15 15:38:47 Done extracting types for package reflect.
[2023-11-15 15:38:47] [build-stderr] 2023/11/15 15:38:47 Processing package sort.
[2023-11-15 15:38:47] [build-stderr] 2023/11/15 15:38:47 Extracting types for package sort.
[2023-11-15 15:38:47] [build-stderr] 2023/11/15 15:38:47 Done extracting types for package sort.
[2023-11-15 15:38:47] [build-stderr] 2023/11/15 15:38:47 Processing package internal/fmtsort.
[2023-11-15 15:38:47] [build-stderr] 2023/11/15 15:38:47 Extracting types for package internal/fmtsort.
[2023-11-15 15:38:47] [build-stderr] 2023/11/15 15:38:47 Done extracting types for package internal/fmtsort.
[2023-11-15 15:38:47] [build-stderr] 2023/11/15 15:38:47 Processing package io.
[2023-11-15 15:38:48] [build-stderr] 2023/11/15 15:38:48 Extracting types for package io.
[2023-11-15 15:38:48] [build-stderr] 2023/11/15 15:38:48 Done extracting types for package io.
[2023-11-15 15:38:48] [build-stderr] 2023/11/15 15:38:48 Processing package internal/oserror.
[2023-11-15 15:38:48] [build-stderr] 2023/11/15 15:38:48 Extracting types for package internal/oserror.
[2023-11-15 15:38:48] [build-stderr] 2023/11/15 15:38:48 Done extracting types for package internal/oserror.
[2023-11-15 15:38:48] [build-stderr] 2023/11/15 15:38:48 Processing package syscall.
[2023-11-15 15:38:48] [build-stderr] 2023/11/15 15:38:48 Extracting types for package syscall.
[2023-11-15 15:38:48] [build-stderr] 2023/11/15 15:38:48 Done extracting types for package syscall.
[2023-11-15 15:38:48] [build-stderr] 2023/11/15 15:38:48 Processing package internal/syscall/unix.
[2023-11-15 15:38:48] [build-stderr] 2023/11/15 15:38:48 Extracting types for package internal/syscall/unix.
[2023-11-15 15:38:48] [build-stderr] 2023/11/15 15:38:48 Done extracting types for package internal/syscall/unix.
[2023-11-15 15:38:48] [build-stderr] 2023/11/15 15:38:48 Processing package time.
[2023-11-15 15:38:48] [build-stderr] 2023/11/15 15:38:48 Extracting types for package time.
[2023-11-15 15:38:48] [build-stderr] 2023/11/15 15:38:48 Done extracting types for package time.
[2023-11-15 15:38:48] [build-stderr] 2023/11/15 15:38:48 Processing package internal/poll.
[2023-11-15 15:38:48] [build-stderr] 2023/11/15 15:38:48 Extracting types for package internal/poll.
[2023-11-15 15:38:48] [build-stderr] 2023/11/15 15:38:48 Done extracting types for package internal/poll.
[2023-11-15 15:38:48] [build-stderr] 2023/11/15 15:38:48 Processing package internal/safefilepath.
[2023-11-15 15:38:49] [build-stderr] 2023/11/15 15:38:49 Extracting types for package internal/safefilepath.
[2023-11-15 15:38:49] [build-stderr] 2023/11/15 15:38:49 Done extracting types for package internal/safefilepath.
[2023-11-15 15:38:49] [build-stderr] 2023/11/15 15:38:49 Processing package internal/syscall/execenv.
[2023-11-15 15:38:49] [build-stderr] 2023/11/15 15:38:49 Extracting types for package internal/syscall/execenv.
[2023-11-15 15:38:49] [build-stderr] 2023/11/15 15:38:49 Done extracting types for package internal/syscall/execenv.
[2023-11-15 15:38:49] [build-stderr] 2023/11/15 15:38:49 Processing package internal/testlog.
[2023-11-15 15:38:49] [build-stderr] 2023/11/15 15:38:49 Extracting types for package internal/testlog.
[2023-11-15 15:38:49] [build-stderr] 2023/11/15 15:38:49 Done extracting types for package internal/testlog.
[2023-11-15 15:38:49] [build-stderr] 2023/11/15 15:38:49 Processing package path.
[2023-11-15 15:38:49] [build-stderr] 2023/11/15 15:38:49 Extracting types for package path.
[2023-11-15 15:38:49] [build-stderr] 2023/11/15 15:38:49 Done extracting types for package path.
[2023-11-15 15:38:49] [build-stderr] 2023/11/15 15:38:49 Processing package io/fs.
[2023-11-15 15:38:49] [build-stderr] 2023/11/15 15:38:49 Extracting types for package io/fs.
[2023-11-15 15:38:49] [build-stderr] 2023/11/15 15:38:49 Done extracting types for package io/fs.
[2023-11-15 15:38:49] [build-stderr] 2023/11/15 15:38:49 Processing package os.
[2023-11-15 15:38:49] [build-stderr] 2023/11/15 15:38:49 Extracting types for package os.
[2023-11-15 15:38:49] [build-stderr] 2023/11/15 15:38:49 Done extracting types for package os.
[2023-11-15 15:38:49] [build-stderr] 2023/11/15 15:38:49 Processing package fmt.
[2023-11-15 15:38:49] [build-stderr] 2023/11/15 15:38:49 Extracting types for package fmt.
[2023-11-15 15:38:49] [build-stderr] 2023/11/15 15:38:49 Done extracting types for package fmt.
[2023-11-15 15:38:49] [build-stderr] 2023/11/15 15:38:49 Processing package bytes.
[2023-11-15 15:38:50] [build-stderr] 2023/11/15 15:38:50 Extracting types for package bytes.
[2023-11-15 15:38:50] [build-stderr] 2023/11/15 15:38:50 Done extracting types for package bytes.
[2023-11-15 15:38:50] [build-stderr] 2023/11/15 15:38:50 Processing package encoding.
[2023-11-15 15:38:50] [build-stderr] 2023/11/15 15:38:50 Extracting types for package encoding.
[2023-11-15 15:38:50] [build-stderr] 2023/11/15 15:38:50 Done extracting types for package encoding.
[2023-11-15 15:38:50] [build-stderr] 2023/11/15 15:38:50 Processing package encoding/binary.
[2023-11-15 15:38:50] [build-stderr] 2023/11/15 15:38:50 Extracting types for package encoding/binary.
[2023-11-15 15:38:50] [build-stderr] 2023/11/15 15:38:50 Done extracting types for package encoding/binary.
[2023-11-15 15:38:50] [build-stderr] 2023/11/15 15:38:50 Processing package encoding/base64.
[2023-11-15 15:38:50] [build-stderr] 2023/11/15 15:38:50 Extracting types for package encoding/base64.
[2023-11-15 15:38:50] [build-stderr] 2023/11/15 15:38:50 Done extracting types for package encoding/base64.
[2023-11-15 15:38:50] [build-stderr] 2023/11/15 15:38:50 Processing package strings.
[2023-11-15 15:38:50] [build-stderr] 2023/11/15 15:38:50 Extracting types for package strings.
[2023-11-15 15:38:50] [build-stderr] 2023/11/15 15:38:50 Done extracting types for package strings.
[2023-11-15 15:38:50] [build-stderr] 2023/11/15 15:38:50 Processing package unicode/utf16.
[2023-11-15 15:38:50] [build-stderr] 2023/11/15 15:38:50 Extracting types for package unicode/utf16.
[2023-11-15 15:38:50] [build-stderr] 2023/11/15 15:38:50 Done extracting types for package unicode/utf16.
[2023-11-15 15:38:50] [build-stderr] 2023/11/15 15:38:50 Processing package encoding/json.
[2023-11-15 15:38:50] [build-stderr] 2023/11/15 15:38:50 Extracting types for package encoding/json.
[2023-11-15 15:38:50] [build-stderr] 2023/11/15 15:38:50 Done extracting types for package encoding/json.
[2023-11-15 15:38:50] [build-stderr] 2023/11/15 15:38:50 Processing package html.
[2023-11-15 15:38:50] [build-stderr] 2023/11/15 15:38:50 Extracting types for package html.
[2023-11-15 15:38:50] [build-stderr] 2023/11/15 15:38:50 Done extracting types for package html.
[2023-11-15 15:38:50] [build-stderr] 2023/11/15 15:38:50 Processing package internal/bisect.
[2023-11-15 15:38:51] [build-stderr] 2023/11/15 15:38:51 Extracting types for package internal/bisect.
[2023-11-15 15:38:51] [build-stderr] 2023/11/15 15:38:51 Done extracting types for package internal/bisect.
[2023-11-15 15:38:51] [build-stderr] 2023/11/15 15:38:51 Processing package internal/godebug.
[2023-11-15 15:38:51] [build-stderr] 2023/11/15 15:38:51 Extracting types for package internal/godebug.
[2023-11-15 15:38:51] [build-stderr] 2023/11/15 15:38:51 Done extracting types for package internal/godebug.
[2023-11-15 15:38:51] [build-stderr] 2023/11/15 15:38:51 Processing package path/filepath.
[2023-11-15 15:38:51] [build-stderr] 2023/11/15 15:38:51 Extracting types for package path/filepath.
[2023-11-15 15:38:51] [build-stderr] 2023/11/15 15:38:51 Done extracting types for package path/filepath.
[2023-11-15 15:38:51] [build-stderr] 2023/11/15 15:38:51 Processing package regexp/syntax.
[2023-11-15 15:38:51] [build-stderr] 2023/11/15 15:38:51 Extracting types for package regexp/syntax.
[2023-11-15 15:38:51] [build-stderr] 2023/11/15 15:38:51 Done extracting types for package regexp/syntax.
[2023-11-15 15:38:51] [build-stderr] 2023/11/15 15:38:51 Processing package regexp.
[2023-11-15 15:38:51] [build-stderr] 2023/11/15 15:38:51 Extracting types for package regexp.
[2023-11-15 15:38:51] [build-stderr] 2023/11/15 15:38:51 Done extracting types for package regexp.
[2023-11-15 15:38:51] [build-stderr] 2023/11/15 15:38:51 Processing package net/url.
[2023-11-15 15:38:51] [build-stderr] 2023/11/15 15:38:51 Extracting types for package net/url.
[2023-11-15 15:38:51] [build-stderr] 2023/11/15 15:38:51 Done extracting types for package net/url.
[2023-11-15 15:38:51] [build-stderr] 2023/11/15 15:38:51 Processing package text/template/parse.
[2023-11-15 15:38:52] [build-stderr] 2023/11/15 15:38:52 Extracting types for package text/template/parse.
[2023-11-15 15:38:52] [build-stderr] 2023/11/15 15:38:52 Done extracting types for package text/template/parse.
[2023-11-15 15:38:52] [build-stderr] 2023/11/15 15:38:52 Processing package text/template.
[2023-11-15 15:38:52] [build-stderr] 2023/11/15 15:38:52 Extracting types for package text/template.
[2023-11-15 15:38:52] [build-stderr] 2023/11/15 15:38:52 Done extracting types for package text/template.
[2023-11-15 15:38:52] [build-stderr] 2023/11/15 15:38:52 Processing package html/template.
[2023-11-15 15:38:52] [build-stderr] 2023/11/15 15:38:52 Extracting types for package html/template.
[2023-11-15 15:38:52] [build-stderr] 2023/11/15 15:38:52 Done extracting types for package html/template.
[2023-11-15 15:38:52] [build-stderr] 2023/11/15 15:38:52 Processing package log/internal.
[2023-11-15 15:38:52] [build-stderr] 2023/11/15 15:38:52 Extracting types for package log/internal.
[2023-11-15 15:38:52] [build-stderr] 2023/11/15 15:38:52 Done extracting types for package log/internal.
[2023-11-15 15:38:52] [build-stderr] 2023/11/15 15:38:52 Processing package log.
[2023-11-15 15:38:52] [build-stderr] 2023/11/15 15:38:52 Extracting types for package log.
[2023-11-15 15:38:52] [build-stderr] 2023/11/15 15:38:52 Done extracting types for package log.
[2023-11-15 15:38:52] [build-stderr] 2023/11/15 15:38:52 Processing package bufio.
[2023-11-15 15:38:52] [build-stderr] 2023/11/15 15:38:52 Extracting types for package bufio.
[2023-11-15 15:38:52] [build-stderr] 2023/11/15 15:38:52 Done extracting types for package bufio.
[2023-11-15 15:38:52] [build-stderr] 2023/11/15 15:38:52 Processing package compress/flate.
[2023-11-15 15:38:52] [build-stderr] 2023/11/15 15:38:52 Extracting types for package compress/flate.
[2023-11-15 15:38:52] [build-stderr] 2023/11/15 15:38:52 Done extracting types for package compress/flate.
[2023-11-15 15:38:52] [build-stderr] 2023/11/15 15:38:52 Processing package hash.
[2023-11-15 15:38:53] [build-stderr] 2023/11/15 15:38:53 Extracting types for package hash.
[2023-11-15 15:38:53] [build-stderr] 2023/11/15 15:38:53 Done extracting types for package hash.
[2023-11-15 15:38:53] [build-stderr] 2023/11/15 15:38:53 Processing package hash/crc32.
[2023-11-15 15:38:53] [build-stderr] 2023/11/15 15:38:53 Extracting types for package hash/crc32.
[2023-11-15 15:38:53] [build-stderr] 2023/11/15 15:38:53 Done extracting types for package hash/crc32.
[2023-11-15 15:38:53] [build-stderr] 2023/11/15 15:38:53 Processing package compress/gzip.
[2023-11-15 15:38:53] [build-stderr] 2023/11/15 15:38:53 Extracting types for package compress/gzip.
[2023-11-15 15:38:53] [build-stderr] 2023/11/15 15:38:53 Done extracting types for package compress/gzip.
[2023-11-15 15:38:53] [build-stderr] 2023/11/15 15:38:53 Processing package container/list.
[2023-11-15 15:38:53] [build-stderr] 2023/11/15 15:38:53 Extracting types for package container/list.
[2023-11-15 15:38:53] [build-stderr] 2023/11/15 15:38:53 Done extracting types for package container/list.
[2023-11-15 15:38:53] [build-stderr] 2023/11/15 15:38:53 Processing package context.
[2023-11-15 15:38:53] [build-stderr] 2023/11/15 15:38:53 Extracting types for package context.
[2023-11-15 15:38:53] [build-stderr] 2023/11/15 15:38:53 Done extracting types for package context.
[2023-11-15 15:38:53] [build-stderr] 2023/11/15 15:38:53 Processing package crypto.
[2023-11-15 15:38:53] [build-stderr] 2023/11/15 15:38:53 Extracting types for package crypto.
[2023-11-15 15:38:53] [build-stderr] 2023/11/15 15:38:53 Done extracting types for package crypto.
[2023-11-15 15:38:53] [build-stderr] 2023/11/15 15:38:53 Processing package crypto/internal/alias.
[2023-11-15 15:38:53] [build-stderr] 2023/11/15 15:38:53 Extracting types for package crypto/internal/alias.
[2023-11-15 15:38:53] [build-stderr] 2023/11/15 15:38:53 Done extracting types for package crypto/internal/alias.
[2023-11-15 15:38:53] [build-stderr] 2023/11/15 15:38:53 Processing package crypto/subtle.
[2023-11-15 15:38:53] [build-stderr] 2023/11/15 15:38:53 Extracting types for package crypto/subtle.
[2023-11-15 15:38:53] [build-stderr] 2023/11/15 15:38:53 Done extracting types for package crypto/subtle.
[2023-11-15 15:38:53] [build-stderr] 2023/11/15 15:38:53 Processing package crypto/cipher.
[2023-11-15 15:38:53] [build-stderr] 2023/11/15 15:38:53 Extracting types for package crypto/cipher.
[2023-11-15 15:38:53] [build-stderr] 2023/11/15 15:38:53 Done extracting types for package crypto/cipher.
[2023-11-15 15:38:53] [build-stderr] 2023/11/15 15:38:53 Processing package crypto/internal/boring/sig.
[2023-11-15 15:38:53] [build-stderr] 2023/11/15 15:38:53 Extracting types for package crypto/internal/boring/sig.
[2023-11-15 15:38:53] [build-stderr] 2023/11/15 15:38:53 Done extracting types for package crypto/internal/boring/sig.
[2023-11-15 15:38:53] [build-stderr] 2023/11/15 15:38:53 Processing package crypto/internal/boring.
[2023-11-15 15:38:54] [build-stderr] 2023/11/15 15:38:54 Extracting types for package crypto/internal/boring.
[2023-11-15 15:38:54] [build-stderr] 2023/11/15 15:38:54 Done extracting types for package crypto/internal/boring.
[2023-11-15 15:38:54] [build-stderr] 2023/11/15 15:38:54 Processing package crypto/internal/randutil.
[2023-11-15 15:38:54] [build-stderr] 2023/11/15 15:38:54 Extracting types for package crypto/internal/randutil.
[2023-11-15 15:38:54] [build-stderr] 2023/11/15 15:38:54 Done extracting types for package crypto/internal/randutil.
[2023-11-15 15:38:54] [build-stderr] 2023/11/15 15:38:54 Processing package math/rand.
[2023-11-15 15:38:54] [build-stderr] 2023/11/15 15:38:54 Extracting types for package math/rand.
[2023-11-15 15:38:54] [build-stderr] 2023/11/15 15:38:54 Done extracting types for package math/rand.
[2023-11-15 15:38:54] [build-stderr] 2023/11/15 15:38:54 Processing package math/big.
[2023-11-15 15:38:54] [build-stderr] 2023/11/15 15:38:54 Extracting types for package math/big.
[2023-11-15 15:38:54] [build-stderr] 2023/11/15 15:38:54 Done extracting types for package math/big.
[2023-11-15 15:38:54] [build-stderr] 2023/11/15 15:38:54 Processing package crypto/rand.
[2023-11-15 15:38:54] [build-stderr] 2023/11/15 15:38:54 Extracting types for package crypto/rand.
[2023-11-15 15:38:54] [build-stderr] 2023/11/15 15:38:54 Done extracting types for package crypto/rand.
[2023-11-15 15:38:54] [build-stderr] 2023/11/15 15:38:54 Processing package crypto/aes.
[2023-11-15 15:38:54] [build-stderr] 2023/11/15 15:38:54 Extracting types for package crypto/aes.
[2023-11-15 15:38:54] [build-stderr] 2023/11/15 15:38:54 Done extracting types for package crypto/aes.
[2023-11-15 15:38:54] [build-stderr] 2023/11/15 15:38:54 Processing package crypto/des.
[2023-11-15 15:38:54] [build-stderr] 2023/11/15 15:38:54 Extracting types for package crypto/des.
[2023-11-15 15:38:54] [build-stderr] 2023/11/15 15:38:54 Done extracting types for package crypto/des.
[2023-11-15 15:38:54] [build-stderr] 2023/11/15 15:38:54 Processing package crypto/internal/edwards25519/field.
[2023-11-15 15:38:55] [build-stderr] 2023/11/15 15:38:55 Extracting types for package crypto/internal/edwards25519/field.
[2023-11-15 15:38:55] [build-stderr] 2023/11/15 15:38:55 Done extracting types for package crypto/internal/edwards25519/field.
[2023-11-15 15:38:55] [build-stderr] 2023/11/15 15:38:55 Processing package crypto/internal/nistec/fiat.
[2023-11-15 15:38:55] [build-stderr] 2023/11/15 15:38:55 Extracting types for package crypto/internal/nistec/fiat.
[2023-11-15 15:38:55] [build-stderr] 2023/11/15 15:38:55 Done extracting types for package crypto/internal/nistec/fiat.
[2023-11-15 15:38:55] [build-stderr] 2023/11/15 15:38:55 Processing package embed.
[2023-11-15 15:38:55] [build-stderr] 2023/11/15 15:38:55 Extracting types for package embed.
[2023-11-15 15:38:55] [build-stderr] 2023/11/15 15:38:55 Done extracting types for package embed.
[2023-11-15 15:38:55] [build-stderr] 2023/11/15 15:38:55 Processing package crypto/internal/nistec.
[2023-11-15 15:38:55] [build-stderr] 2023/11/15 15:38:55 Extracting types for package crypto/internal/nistec.
[2023-11-15 15:38:55] [build-stderr] 2023/11/15 15:38:55 Done extracting types for package crypto/internal/nistec.
[2023-11-15 15:38:55] [build-stderr] 2023/11/15 15:38:55 Processing package crypto/ecdh.
[2023-11-15 15:38:55] [build-stderr] 2023/11/15 15:38:55 Extracting types for package crypto/ecdh.
[2023-11-15 15:38:55] [build-stderr] 2023/11/15 15:38:55 Done extracting types for package crypto/ecdh.
[2023-11-15 15:38:55] [build-stderr] 2023/11/15 15:38:55 Processing package crypto/elliptic.
[2023-11-15 15:38:55] [build-stderr] 2023/11/15 15:38:55 Extracting types for package crypto/elliptic.
[2023-11-15 15:38:55] [build-stderr] 2023/11/15 15:38:55 Done extracting types for package crypto/elliptic.
[2023-11-15 15:38:55] [build-stderr] 2023/11/15 15:38:55 Processing package crypto/internal/bigmod.
[2023-11-15 15:38:55] [build-stderr] 2023/11/15 15:38:55 Extracting types for package crypto/internal/bigmod.
[2023-11-15 15:38:55] [build-stderr] 2023/11/15 15:38:55 Done extracting types for package crypto/internal/bigmod.
[2023-11-15 15:38:55] [build-stderr] 2023/11/15 15:38:55 Processing package crypto/internal/boring/bbig.
[2023-11-15 15:38:56] [build-stderr] 2023/11/15 15:38:56 Extracting types for package crypto/internal/boring/bbig.
[2023-11-15 15:38:56] [build-stderr] 2023/11/15 15:38:56 Done extracting types for package crypto/internal/boring/bbig.
[2023-11-15 15:38:56] [build-stderr] 2023/11/15 15:38:56 Processing package crypto/sha512.
[2023-11-15 15:38:56] [build-stderr] 2023/11/15 15:38:56 Extracting types for package crypto/sha512.
[2023-11-15 15:38:56] [build-stderr] 2023/11/15 15:38:56 Done extracting types for package crypto/sha512.
[2023-11-15 15:38:56] [build-stderr] 2023/11/15 15:38:56 Processing package encoding/asn1.
[2023-11-15 15:38:56] [build-stderr] 2023/11/15 15:38:56 Extracting types for package encoding/asn1.
[2023-11-15 15:38:56] [build-stderr] 2023/11/15 15:38:56 Done extracting types for package encoding/asn1.
[2023-11-15 15:38:56] [build-stderr] 2023/11/15 15:38:56 Processing package vendor/golang.org/x/crypto/cryptobyte/asn1.
[2023-11-15 15:38:56] [build-stderr] 2023/11/15 15:38:56 Extracting types for package vendor/golang.org/x/crypto/cryptobyte/asn1.
[2023-11-15 15:38:56] [build-stderr] 2023/11/15 15:38:56 Done extracting types for package vendor/golang.org/x/crypto/cryptobyte/asn1.
[2023-11-15 15:38:56] [build-stderr] 2023/11/15 15:38:56 Processing package vendor/golang.org/x/crypto/cryptobyte.
[2023-11-15 15:38:56] [build-stderr] 2023/11/15 15:38:56 Extracting types for package vendor/golang.org/x/crypto/cryptobyte.
[2023-11-15 15:38:56] [build-stderr] 2023/11/15 15:38:56 Done extracting types for package vendor/golang.org/x/crypto/cryptobyte.
[2023-11-15 15:38:56] [build-stderr] 2023/11/15 15:38:56 Processing package crypto/ecdsa.
[2023-11-15 15:38:56] [build-stderr] 2023/11/15 15:38:56 Extracting types for package crypto/ecdsa.
[2023-11-15 15:38:56] [build-stderr] 2023/11/15 15:38:56 Done extracting types for package crypto/ecdsa.
[2023-11-15 15:38:56] [build-stderr] 2023/11/15 15:38:56 Processing package crypto/internal/edwards25519.
[2023-11-15 15:38:56] [build-stderr] 2023/11/15 15:38:56 Extracting types for package crypto/internal/edwards25519.
[2023-11-15 15:38:56] [build-stderr] 2023/11/15 15:38:56 Done extracting types for package crypto/internal/edwards25519.
[2023-11-15 15:38:56] [build-stderr] 2023/11/15 15:38:56 Processing package crypto/ed25519.
[2023-11-15 15:38:57] [build-stderr] 2023/11/15 15:38:57 Extracting types for package crypto/ed25519.
[2023-11-15 15:38:57] [build-stderr] 2023/11/15 15:38:57 Done extracting types for package crypto/ed25519.
[2023-11-15 15:38:57] [build-stderr] 2023/11/15 15:38:57 Processing package crypto/hmac.
[2023-11-15 15:38:57] [build-stderr] 2023/11/15 15:38:57 Extracting types for package crypto/hmac.
[2023-11-15 15:38:57] [build-stderr] 2023/11/15 15:38:57 Done extracting types for package crypto/hmac.
[2023-11-15 15:38:57] [build-stderr] 2023/11/15 15:38:57 Processing package crypto/md5.
[2023-11-15 15:38:57] [build-stderr] 2023/11/15 15:38:57 Extracting types for package crypto/md5.
[2023-11-15 15:38:57] [build-stderr] 2023/11/15 15:38:57 Done extracting types for package crypto/md5.
[2023-11-15 15:38:57] [build-stderr] 2023/11/15 15:38:57 Processing package crypto/rc4.
[2023-11-15 15:38:57] [build-stderr] 2023/11/15 15:38:57 Extracting types for package crypto/rc4.
[2023-11-15 15:38:57] [build-stderr] 2023/11/15 15:38:57 Done extracting types for package crypto/rc4.
[2023-11-15 15:38:57] [build-stderr] 2023/11/15 15:38:57 Processing package crypto/rsa.
[2023-11-15 15:38:57] [build-stderr] 2023/11/15 15:38:57 Extracting types for package crypto/rsa.
[2023-11-15 15:38:57] [build-stderr] 2023/11/15 15:38:57 Done extracting types for package crypto/rsa.
[2023-11-15 15:38:57] [build-stderr] 2023/11/15 15:38:57 Processing package crypto/sha1.
[2023-11-15 15:38:57] [build-stderr] 2023/11/15 15:38:57 Extracting types for package crypto/sha1.
[2023-11-15 15:38:57] [build-stderr] 2023/11/15 15:38:57 Done extracting types for package crypto/sha1.
[2023-11-15 15:38:57] [build-stderr] 2023/11/15 15:38:57 Processing package crypto/sha256.
[2023-11-15 15:38:57] [build-stderr] 2023/11/15 15:38:57 Extracting types for package crypto/sha256.
[2023-11-15 15:38:57] [build-stderr] 2023/11/15 15:38:57 Done extracting types for package crypto/sha256.
[2023-11-15 15:38:57] [build-stderr] 2023/11/15 15:38:57 Processing package crypto/dsa.
[2023-11-15 15:38:57] [build-stderr] 2023/11/15 15:38:57 Extracting types for package crypto/dsa.
[2023-11-15 15:38:57] [build-stderr] 2023/11/15 15:38:57 Done extracting types for package crypto/dsa.
[2023-11-15 15:38:57] [build-stderr] 2023/11/15 15:38:57 Processing package crypto/x509/internal/macos.
[2023-11-15 15:38:58] [build-stderr] 2023/11/15 15:38:58 Extracting types for package crypto/x509/internal/macos.
[2023-11-15 15:38:58] [build-stderr] 2023/11/15 15:38:58 Done extracting types for package crypto/x509/internal/macos.
[2023-11-15 15:38:58] [build-stderr] 2023/11/15 15:38:58 Processing package encoding/hex.
[2023-11-15 15:38:58] [build-stderr] 2023/11/15 15:38:58 Extracting types for package encoding/hex.
[2023-11-15 15:38:58] [build-stderr] 2023/11/15 15:38:58 Done extracting types for package encoding/hex.
[2023-11-15 15:38:58] [build-stderr] 2023/11/15 15:38:58 Processing package crypto/x509/pkix.
[2023-11-15 15:38:58] [build-stderr] 2023/11/15 15:38:58 Extracting types for package crypto/x509/pkix.
[2023-11-15 15:38:58] [build-stderr] 2023/11/15 15:38:58 Done extracting types for package crypto/x509/pkix.
[2023-11-15 15:38:58] [build-stderr] 2023/11/15 15:38:58 Processing package encoding/pem.
[2023-11-15 15:38:58] [build-stderr] 2023/11/15 15:38:58 Extracting types for package encoding/pem.
[2023-11-15 15:38:58] [build-stderr] 2023/11/15 15:38:58 Done extracting types for package encoding/pem.
[2023-11-15 15:38:58] [build-stderr] 2023/11/15 15:38:58 Processing package vendor/golang.org/x/net/dns/dnsmessage.
[2023-11-15 15:38:58] [build-stderr] 2023/11/15 15:38:58 Extracting types for package vendor/golang.org/x/net/dns/dnsmessage.
[2023-11-15 15:38:58] [build-stderr] 2023/11/15 15:38:58 Done extracting types for package vendor/golang.org/x/net/dns/dnsmessage.
[2023-11-15 15:38:58] [build-stderr] 2023/11/15 15:38:58 Processing package vendor/golang.org/x/net/route.
[2023-11-15 15:38:58] [build-stderr] 2023/11/15 15:38:58 Extracting types for package vendor/golang.org/x/net/route.
[2023-11-15 15:38:58] [build-stderr] 2023/11/15 15:38:58 Done extracting types for package vendor/golang.org/x/net/route.
[2023-11-15 15:38:58] [build-stderr] 2023/11/15 15:38:58 Processing package internal/nettrace.
[2023-11-15 15:38:58] [build-stderr] 2023/11/15 15:38:58 Extracting types for package internal/nettrace.
[2023-11-15 15:38:58] [build-stderr] 2023/11/15 15:38:58 Done extracting types for package internal/nettrace.
[2023-11-15 15:38:58] [build-stderr] 2023/11/15 15:38:58 Processing package internal/singleflight.
[2023-11-15 15:38:59] [build-stderr] 2023/11/15 15:38:59 Extracting types for package internal/singleflight.
[2023-11-15 15:38:59] [build-stderr] 2023/11/15 15:38:59 Done extracting types for package internal/singleflight.
[2023-11-15 15:38:59] [build-stderr] 2023/11/15 15:38:59 Processing package internal/intern.
[2023-11-15 15:38:59] [build-stderr] 2023/11/15 15:38:59 Extracting types for package internal/intern.
[2023-11-15 15:38:59] [build-stderr] 2023/11/15 15:38:59 Done extracting types for package internal/intern.
[2023-11-15 15:38:59] [build-stderr] 2023/11/15 15:38:59 Processing package net/netip.
[2023-11-15 15:38:59] [build-stderr] 2023/11/15 15:38:59 Extracting types for package net/netip.
[2023-11-15 15:38:59] [build-stderr] 2023/11/15 15:38:59 Done extracting types for package net/netip.
[2023-11-15 15:38:59] [build-stderr] 2023/11/15 15:38:59 Processing package runtime/cgo.
[2023-11-15 15:38:59] [build-stderr] 2023/11/15 15:38:59 Extracting types for package runtime/cgo.
[2023-11-15 15:38:59] [build-stderr] 2023/11/15 15:38:59 Done extracting types for package runtime/cgo.
[2023-11-15 15:38:59] [build-stderr] 2023/11/15 15:38:59 Processing package net.
[2023-11-15 15:38:59] [build-stderr] 2023/11/15 15:38:59 Extracting types for package net.
[2023-11-15 15:38:59] [build-stderr] 2023/11/15 15:38:59 Done extracting types for package net.
[2023-11-15 15:38:59] [build-stderr] 2023/11/15 15:38:59 Processing package crypto/x509.
[2023-11-15 15:38:59] [build-stderr] 2023/11/15 15:38:59 Extracting types for package crypto/x509.
[2023-11-15 15:38:59] [build-stderr] 2023/11/15 15:38:59 Done extracting types for package crypto/x509.
[2023-11-15 15:38:59] [build-stderr] 2023/11/15 15:38:59 Processing package vendor/golang.org/x/crypto/internal/alias.
[2023-11-15 15:38:59] [build-stderr] 2023/11/15 15:38:59 Extracting types for package vendor/golang.org/x/crypto/internal/alias.
[2023-11-15 15:38:59] [build-stderr] 2023/11/15 15:38:59 Done extracting types for package vendor/golang.org/x/crypto/internal/alias.
[2023-11-15 15:38:59] [build-stderr] 2023/11/15 15:38:59 Processing package vendor/golang.org/x/crypto/chacha20.
[2023-11-15 15:39:00] [build-stderr] 2023/11/15 15:39:00 Extracting types for package vendor/golang.org/x/crypto/chacha20.
[2023-11-15 15:39:00] [build-stderr] 2023/11/15 15:39:00 Done extracting types for package vendor/golang.org/x/crypto/chacha20.
[2023-11-15 15:39:00] [build-stderr] 2023/11/15 15:39:00 Processing package vendor/golang.org/x/crypto/internal/poly1305.
[2023-11-15 15:39:00] [build-stderr] 2023/11/15 15:39:00 Extracting types for package vendor/golang.org/x/crypto/internal/poly1305.
[2023-11-15 15:39:00] [build-stderr] 2023/11/15 15:39:00 Done extracting types for package vendor/golang.org/x/crypto/internal/poly1305.
[2023-11-15 15:39:00] [build-stderr] 2023/11/15 15:39:00 Processing package vendor/golang.org/x/crypto/chacha20poly1305.
[2023-11-15 15:39:00] [build-stderr] 2023/11/15 15:39:00 Extracting types for package vendor/golang.org/x/crypto/chacha20poly1305.
[2023-11-15 15:39:00] [build-stderr] 2023/11/15 15:39:00 Done extracting types for package vendor/golang.org/x/crypto/chacha20poly1305.
[2023-11-15 15:39:00] [build-stderr] 2023/11/15 15:39:00 Processing package vendor/golang.org/x/crypto/hkdf.
[2023-11-15 15:39:00] [build-stderr] 2023/11/15 15:39:00 Extracting types for package vendor/golang.org/x/crypto/hkdf.
[2023-11-15 15:39:00] [build-stderr] 2023/11/15 15:39:00 Done extracting types for package vendor/golang.org/x/crypto/hkdf.
[2023-11-15 15:39:00] [build-stderr] 2023/11/15 15:39:00 Processing package crypto/tls.
[2023-11-15 15:39:00] [build-stderr] 2023/11/15 15:39:00 Extracting types for package crypto/tls.
[2023-11-15 15:39:00] [build-stderr] 2023/11/15 15:39:00 Done extracting types for package crypto/tls.
[2023-11-15 15:39:00] [build-stderr] 2023/11/15 15:39:00 Processing package vendor/golang.org/x/text/transform.
[2023-11-15 15:39:00] [build-stderr] 2023/11/15 15:39:00 Extracting types for package vendor/golang.org/x/text/transform.
[2023-11-15 15:39:00] [build-stderr] 2023/11/15 15:39:00 Done extracting types for package vendor/golang.org/x/text/transform.
[2023-11-15 15:39:00] [build-stderr] 2023/11/15 15:39:00 Processing package vendor/golang.org/x/text/unicode/bidi.
[2023-11-15 15:39:00] [build-stderr] 2023/11/15 15:39:00 Extracting types for package vendor/golang.org/x/text/unicode/bidi.
[2023-11-15 15:39:01] [build-stderr] 2023/11/15 15:39:01 Done extracting types for package vendor/golang.org/x/text/unicode/bidi.
[2023-11-15 15:39:01] [build-stderr] 2023/11/15 15:39:01 Processing package vendor/golang.org/x/text/secure/bidirule.
[2023-11-15 15:39:01] [build-stderr] 2023/11/15 15:39:01 Extracting types for package vendor/golang.org/x/text/secure/bidirule.
[2023-11-15 15:39:01] [build-stderr] 2023/11/15 15:39:01 Done extracting types for package vendor/golang.org/x/text/secure/bidirule.
[2023-11-15 15:39:01] [build-stderr] 2023/11/15 15:39:01 Processing package vendor/golang.org/x/text/unicode/norm.
[2023-11-15 15:39:01] [build-stderr] 2023/11/15 15:39:01 Extracting types for package vendor/golang.org/x/text/unicode/norm.
[2023-11-15 15:39:01] [build-stderr] 2023/11/15 15:39:01 Done extracting types for package vendor/golang.org/x/text/unicode/norm.
[2023-11-15 15:39:01] [build-stderr] 2023/11/15 15:39:01 Processing package vendor/golang.org/x/net/idna.
[2023-11-15 15:39:01] [build-stderr] 2023/11/15 15:39:01 Extracting types for package vendor/golang.org/x/net/idna.
[2023-11-15 15:39:01] [build-stderr] 2023/11/15 15:39:01 Done extracting types for package vendor/golang.org/x/net/idna.
[2023-11-15 15:39:01] [build-stderr] 2023/11/15 15:39:01 Processing package net/textproto.
[2023-11-15 15:39:01] [build-stderr] 2023/11/15 15:39:01 Extracting types for package net/textproto.
[2023-11-15 15:39:01] [build-stderr] 2023/11/15 15:39:01 Done extracting types for package net/textproto.
[2023-11-15 15:39:01] [build-stderr] 2023/11/15 15:39:01 Processing package vendor/golang.org/x/net/http/httpguts.
[2023-11-15 15:39:01] [build-stderr] 2023/11/15 15:39:01 Extracting types for package vendor/golang.org/x/net/http/httpguts.
[2023-11-15 15:39:01] [build-stderr] 2023/11/15 15:39:01 Done extracting types for package vendor/golang.org/x/net/http/httpguts.
[2023-11-15 15:39:01] [build-stderr] 2023/11/15 15:39:01 Processing package vendor/golang.org/x/net/http/httpproxy.
[2023-11-15 15:39:01] [build-stderr] 2023/11/15 15:39:01 Extracting types for package vendor/golang.org/x/net/http/httpproxy.
[2023-11-15 15:39:01] [build-stderr] 2023/11/15 15:39:01 Done extracting types for package vendor/golang.org/x/net/http/httpproxy.
[2023-11-15 15:39:01] [build-stderr] 2023/11/15 15:39:01 Processing package vendor/golang.org/x/net/http2/hpack.
[2023-11-15 15:39:02] [build-stderr] 2023/11/15 15:39:02 Extracting types for package vendor/golang.org/x/net/http2/hpack.
[2023-11-15 15:39:02] [build-stderr] 2023/11/15 15:39:02 Done extracting types for package vendor/golang.org/x/net/http2/hpack.
[2023-11-15 15:39:02] [build-stderr] 2023/11/15 15:39:02 Processing package mime.
[2023-11-15 15:39:02] [build-stderr] 2023/11/15 15:39:02 Extracting types for package mime.
[2023-11-15 15:39:02] [build-stderr] 2023/11/15 15:39:02 Done extracting types for package mime.
[2023-11-15 15:39:02] [build-stderr] 2023/11/15 15:39:02 Processing package mime/quotedprintable.
[2023-11-15 15:39:02] [build-stderr] 2023/11/15 15:39:02 Extracting types for package mime/quotedprintable.
[2023-11-15 15:39:02] [build-stderr] 2023/11/15 15:39:02 Done extracting types for package mime/quotedprintable.
[2023-11-15 15:39:02] [build-stderr] 2023/11/15 15:39:02 Processing package mime/multipart.
[2023-11-15 15:39:02] [build-stderr] 2023/11/15 15:39:02 Extracting types for package mime/multipart.
[2023-11-15 15:39:02] [build-stderr] 2023/11/15 15:39:02 Done extracting types for package mime/multipart.
[2023-11-15 15:39:02] [build-stderr] 2023/11/15 15:39:02 Processing package net/http/httptrace.
[2023-11-15 15:39:02] [build-stderr] 2023/11/15 15:39:02 Extracting types for package net/http/httptrace.
[2023-11-15 15:39:02] [build-stderr] 2023/11/15 15:39:02 Done extracting types for package net/http/httptrace.
[2023-11-15 15:39:02] [build-stderr] 2023/11/15 15:39:02 Processing package net/http/internal.
[2023-11-15 15:39:03] [build-stderr] 2023/11/15 15:39:03 Extracting types for package net/http/internal.
[2023-11-15 15:39:03] [build-stderr] 2023/11/15 15:39:03 Done extracting types for package net/http/internal.
[2023-11-15 15:39:03] [build-stderr] 2023/11/15 15:39:03 Processing package net/http/internal/ascii.
[2023-11-15 15:39:03] [build-stderr] 2023/11/15 15:39:03 Extracting types for package net/http/internal/ascii.
[2023-11-15 15:39:03] [build-stderr] 2023/11/15 15:39:03 Done extracting types for package net/http/internal/ascii.
[2023-11-15 15:39:03] [build-stderr] 2023/11/15 15:39:03 Processing package net/http.
[2023-11-15 15:39:03] [build-stderr] 2023/11/15 15:39:03 Extracting types for package net/http.
[2023-11-15 15:39:03] [build-stderr] 2023/11/15 15:39:03 Done extracting types for package net/http.
[2023-11-15 15:39:03] [build-stderr] 2023/11/15 15:39:03 Processing package os/exec.
[2023-11-15 15:39:03] [build-stderr] 2023/11/15 15:39:03 Extracting types for package os/exec.
[2023-11-15 15:39:03] [build-stderr] 2023/11/15 15:39:03 Done extracting types for package os/exec.
[2023-11-15 15:39:03] [build-stderr] 2023/11/15 15:39:03 Processing package _/Users/yunus.aydin/Research/codeql-fork/go/ql/src/experimental/CWE-525.
[2023-11-15 15:39:03] [build-stderr] 2023/11/15 15:39:03 Extracting types for package _/Users/yunus.aydin/Research/codeql-fork/go/ql/src/experimental/CWE-525.
[2023-11-15 15:39:03] [build-stderr] 2023/11/15 15:39:03 Done extracting types for package _/Users/yunus.aydin/Research/codeql-fork/go/ql/src/experimental/CWE-525.
[2023-11-15 15:39:03] [build-stderr] 2023/11/15 15:39:03 Done processing dependencies.
[2023-11-15 15:39:03] [build-stderr] 2023/11/15 15:39:03 Starting to extract packages.
[2023-11-15 15:39:03] [build-stderr] 2023/11/15 15:39:03 Skipping dependency package internal/goarch.
[2023-11-15 15:39:03] [build-stderr] 2023/11/15 15:39:03 Skipping dependency package unsafe.
[2023-11-15 15:39:03] [build-stderr] 2023/11/15 15:39:03 Skipping dependency package internal/abi.
[2023-11-15 15:39:03] [build-stderr] 2023/11/15 15:39:03 Skipping dependency package internal/unsafeheader.
[2023-11-15 15:39:03] [build-stderr] 2023/11/15 15:39:03 Skipping dependency package internal/cpu.
[2023-11-15 15:39:03] [build-stderr] 2023/11/15 15:39:03 Skipping dependency package internal/bytealg.
[2023-11-15 15:39:03] [build-stderr] 2023/11/15 15:39:03 Skipping dependency package internal/coverage/rtcov.
[2023-11-15 15:39:03] [build-stderr] 2023/11/15 15:39:03 Skipping dependency package internal/godebugs.
[2023-11-15 15:39:03] [build-stderr] 2023/11/15 15:39:03 Skipping dependency package internal/goexperiment.
[2023-11-15 15:39:03] [build-stderr] 2023/11/15 15:39:03 Skipping dependency package internal/goos.
[2023-11-15 15:39:03] [build-stderr] 2023/11/15 15:39:03 Skipping dependency package runtime/internal/atomic.
[2023-11-15 15:39:03] [build-stderr] 2023/11/15 15:39:03 Skipping dependency package runtime/internal/math.
[2023-11-15 15:39:03] [build-stderr] 2023/11/15 15:39:03 Skipping dependency package runtime/internal/sys.
[2023-11-15 15:39:03] [build-stderr] 2023/11/15 15:39:03 Skipping dependency package runtime.
[2023-11-15 15:39:03] [build-stderr] 2023/11/15 15:39:03 Skipping dependency package internal/reflectlite.
[2023-11-15 15:39:03] [build-stderr] 2023/11/15 15:39:03 Skipping dependency package errors.
[2023-11-15 15:39:03] [build-stderr] 2023/11/15 15:39:03 Skipping dependency package internal/itoa.
[2023-11-15 15:39:03] [build-stderr] 2023/11/15 15:39:03 Skipping dependency package math/bits.
[2023-11-15 15:39:03] [build-stderr] 2023/11/15 15:39:03 Skipping dependency package math.
[2023-11-15 15:39:03] [build-stderr] 2023/11/15 15:39:03 Skipping dependency package unicode/utf8.
[2023-11-15 15:39:03] [build-stderr] 2023/11/15 15:39:03 Skipping dependency package strconv.
[2023-11-15 15:39:03] [build-stderr] 2023/11/15 15:39:03 Skipping dependency package internal/race.
[2023-11-15 15:39:03] [build-stderr] 2023/11/15 15:39:03 Skipping dependency package sync/atomic.
[2023-11-15 15:39:03] [build-stderr] 2023/11/15 15:39:03 Skipping dependency package sync.
[2023-11-15 15:39:03] [build-stderr] 2023/11/15 15:39:03 Skipping dependency package unicode.
[2023-11-15 15:39:03] [build-stderr] 2023/11/15 15:39:03 Skipping dependency package reflect.
[2023-11-15 15:39:03] [build-stderr] 2023/11/15 15:39:03 Skipping dependency package sort.
[2023-11-15 15:39:03] [build-stderr] 2023/11/15 15:39:03 Skipping dependency package internal/fmtsort.
[2023-11-15 15:39:03] [build-stderr] 2023/11/15 15:39:03 Skipping dependency package io.
[2023-11-15 15:39:03] [build-stderr] 2023/11/15 15:39:03 Skipping dependency package internal/oserror.
[2023-11-15 15:39:03] [build-stderr] 2023/11/15 15:39:03 Skipping dependency package syscall.
[2023-11-15 15:39:03] [build-stderr] 2023/11/15 15:39:03 Skipping dependency package internal/syscall/unix.
[2023-11-15 15:39:03] [build-stderr] 2023/11/15 15:39:03 Skipping dependency package time.
[2023-11-15 15:39:03] [build-stderr] 2023/11/15 15:39:03 Skipping dependency package internal/poll.
[2023-11-15 15:39:03] [build-stderr] 2023/11/15 15:39:03 Skipping dependency package internal/safefilepath.
[2023-11-15 15:39:03] [build-stderr] 2023/11/15 15:39:03 Skipping dependency package internal/syscall/execenv.
[2023-11-15 15:39:03] [build-stderr] 2023/11/15 15:39:03 Skipping dependency package internal/testlog.
[2023-11-15 15:39:03] [build-stderr] 2023/11/15 15:39:03 Skipping dependency package path.
[2023-11-15 15:39:03] [build-stderr] 2023/11/15 15:39:03 Skipping dependency package io/fs.
[2023-11-15 15:39:03] [build-stderr] 2023/11/15 15:39:03 Skipping dependency package os.
[2023-11-15 15:39:03] [build-stderr] 2023/11/15 15:39:03 Skipping dependency package fmt.
[2023-11-15 15:39:03] [build-stderr] 2023/11/15 15:39:03 Skipping dependency package bytes.
[2023-11-15 15:39:03] [build-stderr] 2023/11/15 15:39:03 Skipping dependency package encoding.
[2023-11-15 15:39:03] [build-stderr] 2023/11/15 15:39:03 Skipping dependency package encoding/binary.
[2023-11-15 15:39:03] [build-stderr] 2023/11/15 15:39:03 Skipping dependency package encoding/base64.
[2023-11-15 15:39:03] [build-stderr] 2023/11/15 15:39:03 Skipping dependency package strings.
[2023-11-15 15:39:03] [build-stderr] 2023/11/15 15:39:03 Skipping dependency package unicode/utf16.
[2023-11-15 15:39:03] [build-stderr] 2023/11/15 15:39:03 Skipping dependency package encoding/json.
[2023-11-15 15:39:03] [build-stderr] 2023/11/15 15:39:03 Skipping dependency package html.
[2023-11-15 15:39:03] [build-stderr] 2023/11/15 15:39:03 Skipping dependency package internal/bisect.
[2023-11-15 15:39:03] [build-stderr] 2023/11/15 15:39:03 Skipping dependency package internal/godebug.
[2023-11-15 15:39:03] [build-stderr] 2023/11/15 15:39:03 Skipping dependency package path/filepath.
[2023-11-15 15:39:03] [build-stderr] 2023/11/15 15:39:03 Skipping dependency package regexp/syntax.
[2023-11-15 15:39:03] [build-stderr] 2023/11/15 15:39:03 Skipping dependency package regexp.
[2023-11-15 15:39:03] [build-stderr] 2023/11/15 15:39:03 Skipping dependency package net/url.
[2023-11-15 15:39:03] [build-stderr] 2023/11/15 15:39:03 Skipping dependency package text/template/parse.
[2023-11-15 15:39:03] [build-stderr] 2023/11/15 15:39:03 Skipping dependency package text/template.
[2023-11-15 15:39:03] [build-stderr] 2023/11/15 15:39:03 Skipping dependency package html/template.
[2023-11-15 15:39:03] [build-stderr] 2023/11/15 15:39:03 Skipping dependency package log/internal.
[2023-11-15 15:39:03] [build-stderr] 2023/11/15 15:39:03 Skipping dependency package log.
[2023-11-15 15:39:03] [build-stderr] 2023/11/15 15:39:03 Skipping dependency package bufio.
[2023-11-15 15:39:03] [build-stderr] 2023/11/15 15:39:03 Skipping dependency package compress/flate.
[2023-11-15 15:39:03] [build-stderr] 2023/11/15 15:39:03 Skipping dependency package hash.
[2023-11-15 15:39:03] [build-stderr] 2023/11/15 15:39:03 Skipping dependency package hash/crc32.
[2023-11-15 15:39:03] [build-stderr] 2023/11/15 15:39:03 Skipping dependency package compress/gzip.
[2023-11-15 15:39:03] [build-stderr] 2023/11/15 15:39:03 Skipping dependency package container/list.
[2023-11-15 15:39:03] [build-stderr] 2023/11/15 15:39:03 Skipping dependency package context.
[2023-11-15 15:39:03] [build-stderr] 2023/11/15 15:39:03 Skipping dependency package crypto.
[2023-11-15 15:39:03] [build-stderr] 2023/11/15 15:39:03 Skipping dependency package crypto/internal/alias.
[2023-11-15 15:39:03] [build-stderr] 2023/11/15 15:39:03 Skipping dependency package crypto/subtle.
[2023-11-15 15:39:03] [build-stderr] 2023/11/15 15:39:03 Skipping dependency package crypto/cipher.
[2023-11-15 15:39:03] [build-stderr] 2023/11/15 15:39:03 Skipping dependency package crypto/internal/boring/sig.
[2023-11-15 15:39:03] [build-stderr] 2023/11/15 15:39:03 Skipping dependency package crypto/internal/boring.
[2023-11-15 15:39:03] [build-stderr] 2023/11/15 15:39:03 Skipping dependency package crypto/internal/randutil.
[2023-11-15 15:39:03] [build-stderr] 2023/11/15 15:39:03 Skipping dependency package math/rand.
[2023-11-15 15:39:03] [build-stderr] 2023/11/15 15:39:03 Skipping dependency package math/big.
[2023-11-15 15:39:03] [build-stderr] 2023/11/15 15:39:03 Skipping dependency package crypto/rand.
[2023-11-15 15:39:03] [build-stderr] 2023/11/15 15:39:03 Skipping dependency package crypto/aes.
[2023-11-15 15:39:03] [build-stderr] 2023/11/15 15:39:03 Skipping dependency package crypto/des.
[2023-11-15 15:39:03] [build-stderr] 2023/11/15 15:39:03 Skipping dependency package crypto/internal/edwards25519/field.
[2023-11-15 15:39:03] [build-stderr] 2023/11/15 15:39:03 Skipping dependency package crypto/internal/nistec/fiat.
[2023-11-15 15:39:03] [build-stderr] 2023/11/15 15:39:03 Skipping dependency package embed.
[2023-11-15 15:39:03] [build-stderr] 2023/11/15 15:39:03 Skipping dependency package crypto/internal/nistec.
[2023-11-15 15:39:03] [build-stderr] 2023/11/15 15:39:03 Skipping dependency package crypto/ecdh.
[2023-11-15 15:39:03] [build-stderr] 2023/11/15 15:39:03 Skipping dependency package crypto/elliptic.
[2023-11-15 15:39:03] [build-stderr] 2023/11/15 15:39:03 Skipping dependency package crypto/internal/bigmod.
[2023-11-15 15:39:03] [build-stderr] 2023/11/15 15:39:03 Skipping dependency package crypto/internal/boring/bbig.
[2023-11-15 15:39:03] [build-stderr] 2023/11/15 15:39:03 Skipping dependency package crypto/sha512.
[2023-11-15 15:39:03] [build-stderr] 2023/11/15 15:39:03 Skipping dependency package encoding/asn1.
[2023-11-15 15:39:03] [build-stderr] 2023/11/15 15:39:03 Skipping dependency package vendor/golang.org/x/crypto/cryptobyte/asn1.
[2023-11-15 15:39:03] [build-stderr] 2023/11/15 15:39:03 Skipping dependency package vendor/golang.org/x/crypto/cryptobyte.
[2023-11-15 15:39:03] [build-stderr] 2023/11/15 15:39:03 Skipping dependency package crypto/ecdsa.
[2023-11-15 15:39:03] [build-stderr] 2023/11/15 15:39:03 Skipping dependency package crypto/internal/edwards25519.
[2023-11-15 15:39:03] [build-stderr] 2023/11/15 15:39:03 Skipping dependency package crypto/ed25519.
[2023-11-15 15:39:03] [build-stderr] 2023/11/15 15:39:03 Skipping dependency package crypto/hmac.
[2023-11-15 15:39:03] [build-stderr] 2023/11/15 15:39:03 Skipping dependency package crypto/md5.
[2023-11-15 15:39:03] [build-stderr] 2023/11/15 15:39:03 Skipping dependency package crypto/rc4.
[2023-11-15 15:39:03] [build-stderr] 2023/11/15 15:39:03 Skipping dependency package crypto/rsa.
[2023-11-15 15:39:03] [build-stderr] 2023/11/15 15:39:03 Skipping dependency package crypto/sha1.
[2023-11-15 15:39:03] [build-stderr] 2023/11/15 15:39:03 Skipping dependency package crypto/sha256.
[2023-11-15 15:39:03] [build-stderr] 2023/11/15 15:39:03 Skipping dependency package crypto/dsa.
[2023-11-15 15:39:03] [build-stderr] 2023/11/15 15:39:03 Skipping dependency package crypto/x509/internal/macos.
[2023-11-15 15:39:03] [build-stderr] 2023/11/15 15:39:03 Skipping dependency package encoding/hex.
[2023-11-15 15:39:03] [build-stderr] 2023/11/15 15:39:03 Skipping dependency package crypto/x509/pkix.
[2023-11-15 15:39:03] [build-stderr] 2023/11/15 15:39:03 Skipping dependency package encoding/pem.
[2023-11-15 15:39:03] [build-stderr] 2023/11/15 15:39:03 Skipping dependency package vendor/golang.org/x/net/dns/dnsmessage.
[2023-11-15 15:39:03] [build-stderr] 2023/11/15 15:39:03 Skipping dependency package vendor/golang.org/x/net/route.
[2023-11-15 15:39:03] [build-stderr] 2023/11/15 15:39:03 Skipping dependency package internal/nettrace.
[2023-11-15 15:39:03] [build-stderr] 2023/11/15 15:39:03 Skipping dependency package internal/singleflight.
[2023-11-15 15:39:03] [build-stderr] 2023/11/15 15:39:03 Skipping dependency package internal/intern.
[2023-11-15 15:39:03] [build-stderr] 2023/11/15 15:39:03 Skipping dependency package net/netip.
[2023-11-15 15:39:03] [build-stderr] 2023/11/15 15:39:03 Skipping dependency package runtime/cgo.
[2023-11-15 15:39:03] [build-stderr] 2023/11/15 15:39:03 Skipping dependency package net.
[2023-11-15 15:39:03] [build-stderr] 2023/11/15 15:39:03 Skipping dependency package crypto/x509.
[2023-11-15 15:39:03] [build-stderr] 2023/11/15 15:39:03 Skipping dependency package vendor/golang.org/x/crypto/internal/alias.
[2023-11-15 15:39:03] [build-stderr] 2023/11/15 15:39:03 Skipping dependency package vendor/golang.org/x/crypto/chacha20.
[2023-11-15 15:39:03] [build-stderr] 2023/11/15 15:39:03 Skipping dependency package vendor/golang.org/x/crypto/internal/poly1305.
[2023-11-15 15:39:03] [build-stderr] 2023/11/15 15:39:03 Skipping dependency package vendor/golang.org/x/crypto/chacha20poly1305.
[2023-11-15 15:39:03] [build-stderr] 2023/11/15 15:39:03 Skipping dependency package vendor/golang.org/x/crypto/hkdf.
[2023-11-15 15:39:03] [build-stderr] 2023/11/15 15:39:03 Skipping dependency package crypto/tls.
[2023-11-15 15:39:03] [build-stderr] 2023/11/15 15:39:03 Skipping dependency package vendor/golang.org/x/text/transform.
[2023-11-15 15:39:03] [build-stderr] 2023/11/15 15:39:03 Skipping dependency package vendor/golang.org/x/text/unicode/bidi.
[2023-11-15 15:39:03] [build-stderr] 2023/11/15 15:39:03 Skipping dependency package vendor/golang.org/x/text/secure/bidirule.
[2023-11-15 15:39:03] [build-stderr] 2023/11/15 15:39:03 Skipping dependency package vendor/golang.org/x/text/unicode/norm.
[2023-11-15 15:39:03] [build-stderr] 2023/11/15 15:39:03 Skipping dependency package vendor/golang.org/x/net/idna.
[2023-11-15 15:39:03] [build-stderr] 2023/11/15 15:39:03 Skipping dependency package net/textproto.
[2023-11-15 15:39:03] [build-stderr] 2023/11/15 15:39:03 Skipping dependency package vendor/golang.org/x/net/http/httpguts.
[2023-11-15 15:39:03] [build-stderr] 2023/11/15 15:39:03 Skipping dependency package vendor/golang.org/x/net/http/httpproxy.
[2023-11-15 15:39:03] [build-stderr] 2023/11/15 15:39:03 Skipping dependency package vendor/golang.org/x/net/http2/hpack.
[2023-11-15 15:39:03] [build-stderr] 2023/11/15 15:39:03 Skipping dependency package mime.
[2023-11-15 15:39:03] [build-stderr] 2023/11/15 15:39:03 Skipping dependency package mime/quotedprintable.
[2023-11-15 15:39:03] [build-stderr] 2023/11/15 15:39:03 Skipping dependency package mime/multipart.
[2023-11-15 15:39:03] [build-stderr] 2023/11/15 15:39:03 Skipping dependency package net/http/httptrace.
[2023-11-15 15:39:03] [build-stderr] 2023/11/15 15:39:03 Skipping dependency package net/http/internal.
[2023-11-15 15:39:03] [build-stderr] 2023/11/15 15:39:03 Skipping dependency package net/http/internal/ascii.
[2023-11-15 15:39:03] [build-stderr] 2023/11/15 15:39:03 Skipping dependency package net/http.
[2023-11-15 15:39:03] [build-stderr] 2023/11/15 15:39:03 Skipping dependency package os/exec.
[2023-11-15 15:39:03] [build-stderr] 2023/11/15 15:39:03 Extracting /Users/yunus.aydin/Research/codeql-fork/go/ql/src/experimental/CWE-525/WebCacheDeceptionBad.go
[2023-11-15 15:39:03] [build-stderr] 2023/11/15 15:39:03 Done extracting /Users/yunus.aydin/Research/codeql-fork/go/ql/src/experimental/CWE-525/WebCacheDeceptionBad.go (64ms)
[2023-11-15 15:39:03] [build-stderr] 2023/11/15 15:39:03 Done extracting packages.
[2023-11-15 15:39:03] Plumbing command codeql database trace-command completed.
[2023-11-15 15:39:03] [PROGRESS] database create> Finalizing database at /Users/yunus.aydin/Research/codeql-fork/go/ql/src/experimental/CWE-525/wcd.
[2023-11-15 15:39:03] Running plumbing command: codeql database finalize --mode=trim --no-db-cluster -- /Users/yunus.aydin/Research/codeql-fork/go/ql/src/experimental/CWE-525/wcd
[2023-11-15 15:39:03] Using pre-finalize script /Users/yunus.aydin/Research/codeql/go/tools/pre-finalize.sh.
[2023-11-15 15:39:03] [PROGRESS] database finalize> Running pre-finalize script /Users/yunus.aydin/Research/codeql/go/tools/pre-finalize.sh in /Users/yunus.aydin/Research/codeql-fork/go/ql/src/experimental/CWE-525.
[2023-11-15 15:39:03] Running plumbing command: codeql database trace-command --working-dir=/Users/yunus.aydin/Research/codeql-fork/go/ql/src/experimental/CWE-525 --no-tracing -- /Users/yunus.aydin/Research/codeql-fork/go/ql/src/experimental/CWE-525/wcd /Users/yunus.aydin/Research/codeql/go/tools/pre-finalize.sh
[2023-11-15 15:39:03] [PROGRESS] database trace-command> Running command in /Users/yunus.aydin/Research/codeql-fork/go/ql/src/experimental/CWE-525: [/Users/yunus.aydin/Research/codeql/go/tools/pre-finalize.sh]
[2023-11-15 15:39:04] [build-stderr] Scanning for files in /Users/yunus.aydin/Research/codeql-fork/go/ql/src/experimental/CWE-525...
[2023-11-15 15:39:04] Plumbing command codeql database trace-command completed.
[2023-11-15 15:39:04] [PROGRESS] database finalize> Running TRAP import for CodeQL database at /Users/yunus.aydin/Research/codeql-fork/go/ql/src/experimental/CWE-525/wcd...
[2023-11-15 15:39:04] Running plumbing command: codeql dataset import --dbscheme=/Users/yunus.aydin/Research/codeql/go/go.dbscheme -- /Users/yunus.aydin/Research/codeql-fork/go/ql/src/experimental/CWE-525/wcd/db-go /Users/yunus.aydin/Research/codeql-fork/go/ql/src/experimental/CWE-525/wcd/trap/go
[2023-11-15 15:39:04] Clearing disk cache since the version file /Users/yunus.aydin/Research/codeql-fork/go/ql/src/experimental/CWE-525/wcd/db-go/default/cache/version does not exist
[2023-11-15 15:39:04] Tuple pool not found. Clearing relations with cached strings
[2023-11-15 15:39:04] Trimming disk cache at /Users/yunus.aydin/Research/codeql-fork/go/ql/src/experimental/CWE-525/wcd/db-go/default/cache in mode clear.
[2023-11-15 15:39:04] Sequence stamp origin is -6252218490691047980
[2023-11-15 15:39:04] Pausing evaluation to hard-clear memory at sequence stamp o+0
[2023-11-15 15:39:04] Unpausing evaluation
[2023-11-15 15:39:04] Pausing evaluation to quickly trim disk at sequence stamp o+1
[2023-11-15 15:39:04] Unpausing evaluation
[2023-11-15 15:39:04] Pausing evaluation to zealously trim disk at sequence stamp o+2
[2023-11-15 15:39:04] Unpausing evaluation
[2023-11-15 15:39:04] Trimming completed (6ms): Purged everything.
[2023-11-15 15:39:04] Scanning for files in /Users/yunus.aydin/Research/codeql-fork/go/ql/src/experimental/CWE-525/wcd/trap/go
[2023-11-15 15:39:04] Importing WebCacheDeceptionBad.go.trap.gz (1 of 142)
[2023-11-15 15:39:04] Importing CWE-525.trap.gz (2 of 142)
[2023-11-15 15:39:04] Importing bufio.trap.gz (3 of 142)
[2023-11-15 15:39:04] Importing bytes.trap.gz (4 of 142)
[2023-11-15 15:39:04] Importing 28f530e9e525976ed00ea880e495de_0.trap.gz (5 of 142)
[2023-11-15 15:39:04] Importing flate.trap.gz (6 of 142)
[2023-11-15 15:39:04] Importing gzip.trap.gz (7 of 142)
[2023-11-15 15:39:04] Importing list.trap.gz (8 of 142)
[2023-11-15 15:39:04] Importing context.trap.gz (9 of 142)
[2023-11-15 15:39:04] Importing aes.trap.gz (10 of 142)
[2023-11-15 15:39:04] Importing cipher.trap.gz (11 of 142)
[2023-11-15 15:39:04] Importing des.trap.gz (12 of 142)
[2023-11-15 15:39:04] Importing dsa.trap.gz (13 of 142)
[2023-11-15 15:39:04] Importing ecdh.trap.gz (14 of 142)
[2023-11-15 15:39:04] Importing ecdsa.trap.gz (15 of 142)
[2023-11-15 15:39:04] Importing ed25519.trap.gz (16 of 142)
[2023-11-15 15:39:04] Importing elliptic.trap.gz (17 of 142)
[2023-11-15 15:39:04] Importing hmac.trap.gz (18 of 142)
[2023-11-15 15:39:04] Importing alias.trap.gz (19 of 142)
[2023-11-15 15:39:04] Importing bigmod.trap.gz (20 of 142)
[2023-11-15 15:39:04] Importing bbig.trap.gz (21 of 142)
[2023-11-15 15:39:04] Importing sig.trap.gz (22 of 142)
[2023-11-15 15:39:04] Importing boring.trap.gz (23 of 142)
[2023-11-15 15:39:04] Importing field.trap.gz (24 of 142)
[2023-11-15 15:39:04] Importing edwards25519.trap.gz (25 of 142)
[2023-11-15 15:39:04] Importing fiat.trap.gz (26 of 142)
[2023-11-15 15:39:04] Importing nistec.trap.gz (27 of 142)
[2023-11-15 15:39:04] Importing randutil.trap.gz (28 of 142)
[2023-11-15 15:39:04] Importing md5.trap.gz (29 of 142)
[2023-11-15 15:39:04] Importing rand.trap.gz (30 of 142)
[2023-11-15 15:39:04] Importing rc4.trap.gz (31 of 142)
[2023-11-15 15:39:04] Importing rsa.trap.gz (32 of 142)
[2023-11-15 15:39:04] Importing sha1.trap.gz (33 of 142)
[2023-11-15 15:39:04] Importing sha256.trap.gz (34 of 142)
[2023-11-15 15:39:04] Importing sha512.trap.gz (35 of 142)
[2023-11-15 15:39:04] Importing subtle.trap.gz (36 of 142)
[2023-11-15 15:39:04] Importing tls.trap.gz (37 of 142)
[2023-11-15 15:39:04] Importing macos.trap.gz (38 of 142)
[2023-11-15 15:39:05] Importing pkix.trap.gz (39 of 142)
[2023-11-15 15:39:05] Importing x509.trap.gz (40 of 142)
[2023-11-15 15:39:05] Importing crypto.trap.gz (41 of 142)
[2023-11-15 15:39:05] Importing embed.trap.gz (42 of 142)
[2023-11-15 15:39:05] Importing asn1.trap.gz (43 of 142)
[2023-11-15 15:39:05] Importing base64.trap.gz (44 of 142)
[2023-11-15 15:39:05] Importing binary.trap.gz (45 of 142)
[2023-11-15 15:39:05] Importing hex.trap.gz (46 of 142)
[2023-11-15 15:39:05] Importing json.trap.gz (47 of 142)
[2023-11-15 15:39:05] Importing pem.trap.gz (48 of 142)
[2023-11-15 15:39:05] Importing encoding.trap.gz (49 of 142)
[2023-11-15 15:39:05] Importing errors.trap.gz (50 of 142)
[2023-11-15 15:39:05] Importing fmt.trap.gz (51 of 142)
[2023-11-15 15:39:05] Importing crc32.trap.gz (52 of 142)
[2023-11-15 15:39:05] Importing hash.trap.gz (53 of 142)
[2023-11-15 15:39:05] Importing template.trap.gz (54 of 142)
[2023-11-15 15:39:05] Importing html.trap.gz (55 of 142)
[2023-11-15 15:39:05] Importing abi.trap.gz (56 of 142)
[2023-11-15 15:39:05] Importing bisect.trap.gz (57 of 142)
[2023-11-15 15:39:05] Importing bytealg.trap.gz (58 of 142)
[2023-11-15 15:39:05] Importing rtcov.trap.gz (59 of 142)
[2023-11-15 15:39:05] Importing cpu.trap.gz (60 of 142)
[2023-11-15 15:39:05] Importing fmtsort.trap.gz (61 of 142)
[2023-11-15 15:39:05] Importing goarch.trap.gz (62 of 142)
[2023-11-15 15:39:05] Importing godebug.trap.gz (63 of 142)
[2023-11-15 15:39:05] Importing godebugs.trap.gz (64 of 142)
[2023-11-15 15:39:05] Importing goexperiment.trap.gz (65 of 142)
[2023-11-15 15:39:05] Importing goos.trap.gz (66 of 142)
[2023-11-15 15:39:05] Importing intern.trap.gz (67 of 142)
[2023-11-15 15:39:05] Importing itoa.trap.gz (68 of 142)
[2023-11-15 15:39:05] Importing nettrace.trap.gz (69 of 142)
[2023-11-15 15:39:05] Importing oserror.trap.gz (70 of 142)
[2023-11-15 15:39:05] Importing poll.trap.gz (71 of 142)
[2023-11-15 15:39:05] Importing race.trap.gz (72 of 142)
[2023-11-15 15:39:05] Importing reflectlite.trap.gz (73 of 142)
[2023-11-15 15:39:05] Importing safefilepath.trap.gz (74 of 142)
[2023-11-15 15:39:05] Importing singleflight.trap.gz (75 of 142)
[2023-11-15 15:39:05] Importing execenv.trap.gz (76 of 142)
[2023-11-15 15:39:05] Importing unix.trap.gz (77 of 142)
[2023-11-15 15:39:05] Importing testlog.trap.gz (78 of 142)
[2023-11-15 15:39:05] Importing unsafeheader.trap.gz (79 of 142)
[2023-11-15 15:39:05] Importing fs.trap.gz (80 of 142)
[2023-11-15 15:39:05] Importing io.trap.gz (81 of 142)
[2023-11-15 15:39:05] Importing internal.trap.gz (82 of 142)
[2023-11-15 15:39:05] Importing log.trap.gz (83 of 142)
[2023-11-15 15:39:05] Importing big.trap.gz (84 of 142)
[2023-11-15 15:39:05] Importing bits.trap.gz (85 of 142)
[2023-11-15 15:39:05] Importing rand.trap.gz (86 of 142)
[2023-11-15 15:39:05] Importing math.trap.gz (87 of 142)
[2023-11-15 15:39:05] Importing multipart.trap.gz (88 of 142)
[2023-11-15 15:39:05] Importing quotedprintable.trap.gz (89 of 142)
[2023-11-15 15:39:05] Importing mime.trap.gz (90 of 142)
[2023-11-15 15:39:05] Importing httptrace.trap.gz (91 of 142)
[2023-11-15 15:39:05] Importing ascii.trap.gz (92 of 142)
[2023-11-15 15:39:05] Importing internal.trap.gz (93 of 142)
[2023-11-15 15:39:05] Importing http.trap.gz (94 of 142)
[2023-11-15 15:39:05] Importing netip.trap.gz (95 of 142)
[2023-11-15 15:39:05] Importing textproto.trap.gz (96 of 142)
[2023-11-15 15:39:05] Importing url.trap.gz (97 of 142)
[2023-11-15 15:39:05] Importing net.trap.gz (98 of 142)
[2023-11-15 15:39:05] Importing exec.trap.gz (99 of 142)
[2023-11-15 15:39:05] Importing os.trap.gz (100 of 142)
[2023-11-15 15:39:05] Importing filepath.trap.gz (101 of 142)
[2023-11-15 15:39:05] Importing path.trap.gz (102 of 142)
[2023-11-15 15:39:05] Importing reflect.trap.gz (103 of 142)
[2023-11-15 15:39:05] Importing syntax.trap.gz (104 of 142)
[2023-11-15 15:39:05] Importing regexp.trap.gz (105 of 142)
[2023-11-15 15:39:05] Importing cgo.trap.gz (106 of 142)
[2023-11-15 15:39:05] Importing atomic.trap.gz (107 of 142)
[2023-11-15 15:39:05] Importing math.trap.gz (108 of 142)
[2023-11-15 15:39:05] Importing sys.trap.gz (109 of 142)
[2023-11-15 15:39:05] Importing runtime.trap.gz (110 of 142)
[2023-11-15 15:39:05] Importing sort.trap.gz (111 of 142)
[2023-11-15 15:39:05] Importing sourceLocationPrefix.trap.gz (112 of 142)
[2023-11-15 15:39:05] Importing strconv.trap.gz (113 of 142)
[2023-11-15 15:39:05] Importing strings.trap.gz (114 of 142)
[2023-11-15 15:39:05] Importing atomic.trap.gz (115 of 142)
[2023-11-15 15:39:05] Importing sync.trap.gz (116 of 142)
[2023-11-15 15:39:05] Importing syscall.trap.gz (117 of 142)
[2023-11-15 15:39:05] Importing parse.trap.gz (118 of 142)
[2023-11-15 15:39:05] Importing template.trap.gz (119 of 142)
[2023-11-15 15:39:05] Importing time.trap.gz (120 of 142)
[2023-11-15 15:39:05] Importing utf16.trap.gz (121 of 142)
[2023-11-15 15:39:05] Importing utf8.trap.gz (122 of 142)
[2023-11-15 15:39:05] Importing unicode.trap.gz (123 of 142)
[2023-11-15 15:39:05] Importing universe.trap.gz (124 of 142)
[2023-11-15 15:39:05] Importing unsafe.trap.gz (125 of 142)
[2023-11-15 15:39:05] Importing chacha20.trap.gz (126 of 142)
[2023-11-15 15:39:05] Importing chacha20poly1305.trap.gz (127 of 142)
[2023-11-15 15:39:05] Importing asn1.trap.gz (128 of 142)
[2023-11-15 15:39:05] Importing cryptobyte.trap.gz (129 of 142)
[2023-11-15 15:39:05] Importing hkdf.trap.gz (130 of 142)
[2023-11-15 15:39:05] Importing alias.trap.gz (131 of 142)
[2023-11-15 15:39:05] Importing poly1305.trap.gz (132 of 142)
[2023-11-15 15:39:05] Importing dnsmessage.trap.gz (133 of 142)
[2023-11-15 15:39:05] Importing httpguts.trap.gz (134 of 142)
[2023-11-15 15:39:05] Importing httpproxy.trap.gz (135 of 142)
[2023-11-15 15:39:05] Importing hpack.trap.gz (136 of 142)
[2023-11-15 15:39:05] Importing idna.trap.gz (137 of 142)
[2023-11-15 15:39:05] Importing route.trap.gz (138 of 142)
[2023-11-15 15:39:05] Importing bidirule.trap.gz (139 of 142)
[2023-11-15 15:39:05] Importing transform.trap.gz (140 of 142)
[2023-11-15 15:39:05] Importing bidi.trap.gz (141 of 142)
[2023-11-15 15:39:05] Importing norm.trap.gz (142 of 142)
[2023-11-15 15:39:05] Merging 1 fragment for folders.
[2023-11-15 15:39:05] Merging 1 fragment for containerparent.
[2023-11-15 15:39:05] Merging 1 fragment for files.
[2023-11-15 15:39:05] Merging 1 fragment for locations_default.
[2023-11-15 15:39:05] Merging 1 fragment for has_location.
[2023-11-15 15:39:05] Merging 1 fragment for scopes.
[2023-11-15 15:39:05] Merging 1 fragment for scopenesting.
[2023-11-15 15:39:05] Merging 1 fragment for objects.
[2023-11-15 15:39:05] Merging 1 fragment for objectscopes.
[2023-11-15 15:39:05] Merging 1 fragment for literals.
[2023-11-15 15:39:05] Merging 1 fragment for exprs.
[2023-11-15 15:39:05] Merging 1 fragment for specs.
[2023-11-15 15:39:05] Merging 1 fragment for decls.
[2023-11-15 15:39:05] Merging 1 fragment for types.
[2023-11-15 15:39:05] Merging 1 fragment for key_type.
[2023-11-15 15:39:05] Merging 1 fragment for element_type.
[2023-11-15 15:39:05] Merging 1 fragment for type_of.
[2023-11-15 15:39:05] Merging 1 fragment for defs.
[2023-11-15 15:39:05] Merging 1 fragment for component_types.
[2023-11-15 15:39:05] Merging 1 fragment for uses.
[2023-11-15 15:39:05] Merging 1 fragment for typename.
[2023-11-15 15:39:05] Merging 1 fragment for methodreceivers.
[2023-11-15 15:39:05] Merging 1 fragment for underlying_type.
[2023-11-15 15:39:05] Merging 1 fragment for type_objects.
[2023-11-15 15:39:05] Merging 1 fragment for methodhosts.
[2023-11-15 15:39:05] Merging 1 fragment for base_type.
[2023-11-15 15:39:05] Merging 1 fragment for fieldstructs.
[2023-11-15 15:39:05] Merging 1 fragment for array_length.
[2023-11-15 15:39:05] Merging 1 fragment for fields.
[2023-11-15 15:39:05] Merging 1 fragment for scopenodes.
[2023-11-15 15:39:05] Merging 1 fragment for stmts.
[2023-11-15 15:39:05] Merging 1 fragment for variadic.
[2023-11-15 15:39:05] Merging 1 fragment for constvalues.
[2023-11-15 15:39:05] Merging 1 fragment for comment_groups.
[2023-11-15 15:39:05] Merging 1 fragment for comments.
[2023-11-15 15:39:05] Merging 1 fragment for objecttypes.
[2023-11-15 15:39:05] Merging 1 fragment for numlines.
[2023-11-15 15:39:05] Merging 1 fragment for packages.
[2023-11-15 15:39:05] Merging 1 fragment for compilations.
[2023-11-15 15:39:05] Merging 1 fragment for compilation_args.
[2023-11-15 15:39:05] Merging 1 fragment for compilation_compiling_files.
[2023-11-15 15:39:05] Merging 1 fragment for compilation_finished.
[2023-11-15 15:39:05] Merging 1 fragment for typeparam.
[2023-11-15 15:39:05] Merging 1 fragment for sourceLocationPrefix.
[2023-11-15 15:39:05] Saving string and id pools to disk.
[2023-11-15 15:39:05] Finished importing trap files.
[2023-11-15 15:39:05] Pausing evaluation to close the cache at sequence stamp o+3
[2023-11-15 15:39:05] The disk cache is freshly trimmed; leave it be.
[2023-11-15 15:39:05] Unpausing evaluation
[2023-11-15 15:39:05] Plumbing command codeql dataset import completed.
[2023-11-15 15:39:05] [PROGRESS] database finalize> TRAP import complete (1.1s).
[2023-11-15 15:39:05] Running plumbing command: codeql database cleanup --mode=trim -- /Users/yunus.aydin/Research/codeql-fork/go/ql/src/experimental/CWE-525/wcd
[2023-11-15 15:39:05] [PROGRESS] database cleanup> Cleaning up existing TRAP files after import...
[2023-11-15 15:39:05] [PROGRESS] database cleanup> TRAP files cleaned up (75ms).
[2023-11-15 15:39:05] [PROGRESS] database cleanup> Cleaning up scratch directory...
[2023-11-15 15:39:05] [PROGRESS] database cleanup> Scratch directory cleaned up (8ms).
[2023-11-15 15:39:05] Running plumbing command: codeql dataset cleanup --mode=trim -- /Users/yunus.aydin/Research/codeql-fork/go/ql/src/experimental/CWE-525/wcd/db-go
[2023-11-15 15:39:05] [PROGRESS] dataset cleanup> Cleaning up dataset in /Users/yunus.aydin/Research/codeql-fork/go/ql/src/experimental/CWE-525/wcd/db-go.
[2023-11-15 15:39:05] Trimming disk cache at /Users/yunus.aydin/Research/codeql-fork/go/ql/src/experimental/CWE-525/wcd/db-go/default/cache in mode trim.
[2023-11-15 15:39:05] Sequence stamp origin is -6252218485737009363
[2023-11-15 15:39:05] Pausing evaluation to zealously trim disk at sequence stamp o+0
[2023-11-15 15:39:05] Unpausing evaluation
[2023-11-15 15:39:05] Trimming completed (2ms): Trimmed disposable data from cache.
[2023-11-15 15:39:05] Pausing evaluation to close the cache at sequence stamp o+1
[2023-11-15 15:39:05] The disk cache is freshly trimmed; leave it be.
[2023-11-15 15:39:05] Unpausing evaluation
[2023-11-15 15:39:05] [PROGRESS] dataset cleanup> Trimmed disposable data from cache.
[2023-11-15 15:39:05] [PROGRESS] dataset cleanup> Finalizing dataset in /Users/yunus.aydin/Research/codeql-fork/go/ql/src/experimental/CWE-525/wcd/db-go
[2023-11-15 15:39:05] [DETAILS] dataset cleanup> Finished deleting ID pool from /Users/yunus.aydin/Research/codeql-fork/go/ql/src/experimental/CWE-525/wcd/db-go (6ms).
[2023-11-15 15:39:05] Plumbing command codeql dataset cleanup completed.
[2023-11-15 15:39:05] Plumbing command codeql database cleanup completed with status 0.
[2023-11-15 15:39:05] Plumbing command codeql database finalize completed.
[2023-11-15 15:39:05] [PROGRESS] database create> Successfully created database at /Users/yunus.aydin/Research/codeql-fork/go/ql/src/experimental/CWE-525/wcd.
[2023-11-15 15:39:05] Terminating normally.
