[2024-03-01 13:05:58] This is codeql database create db -l yaml -s ql/test/query-tests/Security/CWE-094
[2024-03-01 13:05:58] Log file was started late.
[2024-03-01 13:05:58] [PROGRESS] database create> Initializing database at /Users/pwntester/src/github.com/githubsecuritylab/codeql-actions/db.
[2024-03-01 13:05:58] Running plumbing command: codeql database init --language=yaml --extractor-options-verbosity=1 --qlconfig-file=/Users/pwntester/src/github.com/githubsecuritylab/codeql-actions/qlconfig.yml --source-root=/Users/pwntester/src/github.com/githubsecuritylab/codeql-actions/ql/test/query-tests/Security/CWE-094 --allow-missing-source-root=false --allow-already-existing -- /Users/pwntester/src/github.com/githubsecuritylab/codeql-actions/db
[2024-03-01 13:05:58] Calling plumbing command: codeql resolve languages --extractor-options-verbosity=1 --format=betterjson
[2024-03-01 13:05:58] [DETAILS] resolve languages> Scanning for [codeql-extractor.yml] from /Users/pwntester/.local/share/gh/extensions/gh-codeql/dist/release/v2.16.3/.codeqlmanifest.json
[2024-03-01 13:05:58] [DETAILS] resolve languages> Parsing /Users/pwntester/.local/share/gh/extensions/gh-codeql/dist/release/v2.16.3/go/codeql-extractor.yml.
[2024-03-01 13:05:58] [DETAILS] resolve languages> Parsing /Users/pwntester/.local/share/gh/extensions/gh-codeql/dist/release/v2.16.3/python/codeql-extractor.yml.
[2024-03-01 13:05:58] [DETAILS] resolve languages> Parsing /Users/pwntester/.local/share/gh/extensions/gh-codeql/dist/release/v2.16.3/java/codeql-extractor.yml.
[2024-03-01 13:05:58] [DETAILS] resolve languages> Parsing /Users/pwntester/.local/share/gh/extensions/gh-codeql/dist/release/v2.16.3/html/codeql-extractor.yml.
[2024-03-01 13:05:58] [DETAILS] resolve languages> Parsing /Users/pwntester/.local/share/gh/extensions/gh-codeql/dist/release/v2.16.3/xml/codeql-extractor.yml.
[2024-03-01 13:05:58] [DETAILS] resolve languages> Parsing /Users/pwntester/.local/share/gh/extensions/gh-codeql/dist/release/v2.16.3/properties/codeql-extractor.yml.
[2024-03-01 13:05:58] [DETAILS] resolve languages> Parsing /Users/pwntester/.local/share/gh/extensions/gh-codeql/dist/release/v2.16.3/cpp/codeql-extractor.yml.
[2024-03-01 13:05:58] [DETAILS] resolve languages> Parsing /Users/pwntester/.local/share/gh/extensions/gh-codeql/dist/release/v2.16.3/swift/codeql-extractor.yml.
[2024-03-01 13:05:58] [DETAILS] resolve languages> Parsing /Users/pwntester/.local/share/gh/extensions/gh-codeql/dist/release/v2.16.3/csv/codeql-extractor.yml.
[2024-03-01 13:05:58] [DETAILS] resolve languages> Parsing /Users/pwntester/.local/share/gh/extensions/gh-codeql/dist/release/v2.16.3/yaml/codeql-extractor.yml.
[2024-03-01 13:05:58] [DETAILS] resolve languages> Parsing /Users/pwntester/.local/share/gh/extensions/gh-codeql/dist/release/v2.16.3/csharp/codeql-extractor.yml.
[2024-03-01 13:05:58] [DETAILS] resolve languages> Parsing /Users/pwntester/.local/share/gh/extensions/gh-codeql/dist/release/v2.16.3/javascript/codeql-extractor.yml.
[2024-03-01 13:05:58] [DETAILS] resolve languages> Parsing /Users/pwntester/.local/share/gh/extensions/gh-codeql/dist/release/v2.16.3/ruby/codeql-extractor.yml.
[2024-03-01 13:05:58] Plumbing command codeql resolve languages completed:
                      {
                        "aliases" : {
                          "c" : "cpp",
                          "c++" : "cpp",
                          "c-c++" : "cpp",
                          "c-cpp" : "cpp",
                          "c#" : "csharp",
                          "java-kotlin" : "java",
                          "kotlin" : "java",
                          "javascript-typescript" : "javascript",
                          "typescript" : "javascript"
                        },
                        "extractors" : {
                          "go" : [
                            {
                              "extractor_root" : "/Users/pwntester/.local/share/gh/extensions/gh-codeql/dist/release/v2.16.3/go"
                            }
                          ],
                          "python" : [
                            {
                              "extractor_root" : "/Users/pwntester/.local/share/gh/extensions/gh-codeql/dist/release/v2.16.3/python",
                              "extractor_options" : {
                                "logging" : {
                                  "title" : "Options pertaining to logging.",
                                  "description" : "Options pertaining to logging.",
                                  "type" : "object",
                                  "properties" : {
                                    "verbosity" : {
                                      "title" : "Python extractor logging verbosity level.",
                                      "description" : "Controls the level of verbosity of the CodeQL Python extractor.\nThe supported levels are (in order of increasing verbosity):\n\n  - off\n  - errors\n  - warnings\n  - info or progress\n  - debug or progress+\n  - trace or progress++\n  - progress+++\n",
                                      "type" : "string",
                                      "pattern" : "^(off|errors|warnings|(info|progress)|(debug|progress\\+)|(trace|progress\\+\\+)|progress\\+\\+\\+)$"
                                    }
                                  }
                                },
                                "python_executable_name" : {
                                  "title" : "Controls the name of the Python executable used by the Python extractor.",
                                  "description" : "The Python extractor uses platform-dependent heuristics to determine the name of the Python executable to use. Specifying a value for this option overrides the name of the Python executable used by the extractor. Accepted values are py, python and python3. Use this setting with caution, the Python extractor requires Python 3 to run.\n",
                                  "type" : "string",
                                  "pattern" : "^(py|python|python3)$"
                                }
                              }
                            }
                          ],
                          "java" : [
                            {
                              "extractor_root" : "/Users/pwntester/.local/share/gh/extensions/gh-codeql/dist/release/v2.16.3/java",
                              "extractor_options" : {
                                "exclude" : {
                                  "title" : "A glob excluding files from analysis.",
                                  "description" : "A glob indicating what files to exclude from the analysis.\n",
                                  "type" : "string"
                                },
                                "add_prefer_source" : {
                                  "title" : "Whether to always prefer source files over class files.",
                                  "description" : "A value indicating whether source files should be preferred over class files. If set to 'true', the extraction adds '-Xprefer:source' to the javac command line. If set to 'false', the extraction uses the default javac behavior ('-Xprefer:newer'). The default is 'true'.\n",
                                  "type" : "string",
                                  "pattern" : "^(false|true)$"
                                },
                                "buildless" : {
                                  "title" : "Whether to use buildless (standalone) extraction (experimental).",
                                  "description" : "A value indicating, which type of extraction the autobuilder should perform. If 'true', then the standalone extractor will be used, otherwise tracing extraction will be performed. The default is 'false'. Note that buildless extraction will generally yield less accurate analysis results, and should only be used in cases where it is not possible to build the code (for example if it uses inaccessible dependencies).\n",
                                  "type" : "string",
                                  "pattern" : "^(false|true)$"
                                }
                              }
                            }
                          ],
                          "html" : [
                            {
                              "extractor_root" : "/Users/pwntester/.local/share/gh/extensions/gh-codeql/dist/release/v2.16.3/html"
                            }
                          ],
                          "xml" : [
                            {
                              "extractor_root" : "/Users/pwntester/.local/share/gh/extensions/gh-codeql/dist/release/v2.16.3/xml"
                            }
                          ],
                          "properties" : [
                            {
                              "extractor_root" : "/Users/pwntester/.local/share/gh/extensions/gh-codeql/dist/release/v2.16.3/properties"
                            }
                          ],
                          "cpp" : [
                            {
                              "extractor_root" : "/Users/pwntester/.local/share/gh/extensions/gh-codeql/dist/release/v2.16.3/cpp",
                              "extractor_options" : { }
                            }
                          ],
                          "swift" : [
                            {
                              "extractor_root" : "/Users/pwntester/.local/share/gh/extensions/gh-codeql/dist/release/v2.16.3/swift"
                            }
                          ],
                          "csv" : [
                            {
                              "extractor_root" : "/Users/pwntester/.local/share/gh/extensions/gh-codeql/dist/release/v2.16.3/csv"
                            }
                          ],
                          "yaml" : [
                            {
                              "extractor_root" : "/Users/pwntester/.local/share/gh/extensions/gh-codeql/dist/release/v2.16.3/yaml"
                            }
                          ],
                          "csharp" : [
                            {
                              "extractor_root" : "/Users/pwntester/.local/share/gh/extensions/gh-codeql/dist/release/v2.16.3/csharp",
                              "extractor_options" : {
                                "trap" : {
                                  "title" : "Options pertaining to TRAP.",
                                  "description" : "Options pertaining to TRAP.",
                                  "type" : "object",
                                  "properties" : {
                                    "compression" : {
                                      "title" : "Controls compression for the TRAP files written by the extractor.",
                                      "description" : "This option is only intended for use in debugging the extractor. Accepted values are 'brotli' (the default, to write brotli-compressed TRAP), 'gzip', and 'none' (to write uncompressed TRAP).\n",
                                      "type" : "string",
                                      "pattern" : "^(none|gzip|brotli)$"
                                    }
                                  }
                                },
                                "buildless" : {
                                  "title" : "Whether to use buildless (standalone) extraction.",
                                  "description" : "A value indicating, which type of extraction the autobuilder should perform. If 'true', then the standalone extractor will be used, otherwise tracing extraction will be performed. The default is 'false'. Note that buildless extraction will generally yield less accurate analysis results, and should only be used in cases where it is not possible to build the code (for example if it uses inaccessible dependencies).\n",
                                  "type" : "string",
                                  "pattern" : "^(false|true)$"
                                },
                                "cil" : {
                                  "title" : "Whether to enable CIL extraction.",
                                  "description" : "A value indicating, whether CIL extraction should be enabled. The default is 'true'.\n",
                                  "type" : "string",
                                  "pattern" : "^(false|true)$"
                                },
                                "logging" : {
                                  "title" : "Options pertaining to logging.",
                                  "description" : "Options pertaining to logging.",
                                  "type" : "object",
                                  "properties" : {
                                    "verbosity" : {
                                      "title" : "Extractor logging verbosity level.",
                                      "description" : "Controls the level of verbosity of the extractor. The supported levels are (in order of increasing verbosity):\n  - off\n  - errors\n  - warnings\n  - info or progress\n  - debug or progress+\n  - trace or progress++\n  - progress+++\n",
                                      "type" : "string",
                                      "pattern" : "^(off|errors|warnings|(info|progress)|(debug|progress\\+)|(trace|progress\\+\\+)|progress\\+\\+\\+)$"
                                    }
                                  }
                                }
                              }
                            }
                          ],
                          "javascript" : [
                            {
                              "extractor_root" : "/Users/pwntester/.local/share/gh/extensions/gh-codeql/dist/release/v2.16.3/javascript",
                              "extractor_options" : {
                                "skip_types" : {
                                  "title" : "Skip type extraction for TypeScript",
                                  "description" : "Whether to skip the extraction of types in a TypeScript application",
                                  "type" : "string",
                                  "pattern" : "^(false|true)$"
                                }
                              }
                            }
                          ],
                          "ruby" : [
                            {
                              "extractor_root" : "/Users/pwntester/.local/share/gh/extensions/gh-codeql/dist/release/v2.16.3/ruby",
                              "extractor_options" : {
                                "trap" : {
                                  "title" : "Options pertaining to TRAP.",
                                  "description" : "Options pertaining to TRAP.",
                                  "type" : "object",
                                  "properties" : {
                                    "compression" : {
                                      "title" : "Controls compression for the TRAP files written by the extractor.",
                                      "description" : "This option is only intended for use in debugging the extractor. Accepted values are 'gzip' (the default, to write gzip-compressed TRAP) and 'none' (to write uncompressed TRAP).\n",
                                      "type" : "string",
                                      "pattern" : "^(none|gzip)$"
                                    }
                                  }
                                }
                              }
                            }
                          ]
                        }
                      }
[2024-03-01 13:05:58] [PROGRESS] database init> Calculating baseline information in /Users/pwntester/src/github.com/githubsecuritylab/codeql-actions/ql/test/query-tests/Security/CWE-094
[2024-03-01 13:05:58] [SPAMMY] database init> Ignoring the following directories when processing baseline information: .git, .hg, .svn.
[2024-03-01 13:05:58] [DETAILS] database init> Running command in /Users/pwntester/src/github.com/githubsecuritylab/codeql-actions/ql/test/query-tests/Security/CWE-094: /Users/pwntester/.local/share/gh/extensions/gh-codeql/dist/release/v2.16.3/tools/osx64/scc --by-file --exclude-dir .git,.hg,.svn --format json --no-large --no-min .
[2024-03-01 13:05:58] [PROGRESS] database init> Calculated baseline information for languages:  (71ms).
[2024-03-01 13:05:58] [PROGRESS] database init> Resolving extractor yaml.
[2024-03-01 13:05:58] [DETAILS] database init> Found candidate extractor root for yaml: /Users/pwntester/.local/share/gh/extensions/gh-codeql/dist/release/v2.16.3/yaml.
[2024-03-01 13:05:58] [PROGRESS] database init> Successfully loaded extractor YAML (yaml) from /Users/pwntester/.local/share/gh/extensions/gh-codeql/dist/release/v2.16.3/yaml.
[2024-03-01 13:05:58] [PROGRESS] database init> Created skeleton CodeQL database at /Users/pwntester/src/github.com/githubsecuritylab/codeql-actions/db. This in-progress database is ready to be populated by an extractor.
[2024-03-01 13:05:58] Plumbing command codeql database init completed.
[2024-03-01 13:05:58] [PROGRESS] database create> Running build command: []
[2024-03-01 13:05:58] Running plumbing command: codeql database trace-command --working-dir=/Users/pwntester/src/github.com/githubsecuritylab/codeql-actions/ql/test/query-tests/Security/CWE-094 --index-traceless-dbs --no-db-cluster -- /Users/pwntester/src/github.com/githubsecuritylab/codeql-actions/db
[2024-03-01 13:05:58] Using autobuild script /Users/pwntester/.local/share/gh/extensions/gh-codeql/dist/release/v2.16.3/yaml/tools/autobuild.sh.
[2024-03-01 13:05:58] [PROGRESS] database trace-command> Running command in /Users/pwntester/src/github.com/githubsecuritylab/codeql-actions/ql/test/query-tests/Security/CWE-094: [/Users/pwntester/.local/share/gh/extensions/gh-codeql/dist/release/v2.16.3/yaml/tools/autobuild.sh]
[2024-03-01 13:05:59] [build-stderr] Scanning for files in /Users/pwntester/src/github.com/githubsecuritylab/codeql-actions/ql/test/query-tests/Security/CWE-094...
[2024-03-01 13:05:59] [build-stderr] /Users/pwntester/src/github.com/githubsecuritylab/codeql-actions/db: Indexing files in in /Users/pwntester/src/github.com/githubsecuritylab/codeql-actions/ql/test/query-tests/Security/CWE-094...
[2024-03-01 13:05:59] [build-stderr] Running command in /Users/pwntester/src/github.com/githubsecuritylab/codeql-actions/ql/test/query-tests/Security/CWE-094: [/Users/pwntester/.local/share/gh/extensions/gh-codeql/dist/release/v2.16.3/yaml/tools/index-files.sh, /Users/pwntester/src/github.com/githubsecuritylab/codeql-actions/db/working/files-to-index11395055735303062068.list]
[2024-03-01 13:05:59] Plumbing command codeql database trace-command completed.
[2024-03-01 13:05:59] [PROGRESS] database create> Finalizing database at /Users/pwntester/src/github.com/githubsecuritylab/codeql-actions/db.
[2024-03-01 13:05:59] Running plumbing command: codeql database finalize --mode=trim --no-db-cluster -- /Users/pwntester/src/github.com/githubsecuritylab/codeql-actions/db
[2024-03-01 13:05:59] [PROGRESS] database finalize> Running TRAP import for CodeQL database at /Users/pwntester/src/github.com/githubsecuritylab/codeql-actions/db...
[2024-03-01 13:05:59] Running plumbing command: codeql dataset import --dbscheme=/Users/pwntester/.local/share/gh/extensions/gh-codeql/dist/release/v2.16.3/yaml/yaml.dbscheme -- /Users/pwntester/src/github.com/githubsecuritylab/codeql-actions/db/db-yaml /Users/pwntester/src/github.com/githubsecuritylab/codeql-actions/db/trap/yaml
[2024-03-01 13:05:59] Clearing disk cache since the version file /Users/pwntester/src/github.com/githubsecuritylab/codeql-actions/db/db-yaml/default/cache/version does not exist
[2024-03-01 13:05:59] Tuple pool not found. Clearing relations with cached strings
[2024-03-01 13:05:59] Trimming disk cache at /Users/pwntester/src/github.com/githubsecuritylab/codeql-actions/db/db-yaml/default/cache in mode clear.
[2024-03-01 13:05:59] Sequence stamp origin is -6212520902965462594
[2024-03-01 13:05:59] Pausing evaluation to hard-clear memory at sequence stamp o+0
[2024-03-01 13:05:59] Unpausing evaluation
[2024-03-01 13:05:59] Pausing evaluation to quickly trim disk at sequence stamp o+1
[2024-03-01 13:05:59] Unpausing evaluation
[2024-03-01 13:05:59] Pausing evaluation to zealously trim disk at sequence stamp o+2
[2024-03-01 13:05:59] Unpausing evaluation
[2024-03-01 13:05:59] Trimming completed (6ms): Purged everything.
[2024-03-01 13:05:59] Scanning for files in /Users/pwntester/src/github.com/githubsecuritylab/codeql-actions/db/trap/yaml
[2024-03-01 13:05:59] Found 27 TRAP files (71.04 KiB)
[2024-03-01 13:05:59] [PROGRESS] dataset import> Importing TRAP files
[2024-03-01 13:05:59] Importing argus_case_study.yml.trap.gz (1 of 27)
[2024-03-01 13:05:59] Importing changed-files.yml.trap.gz (2 of 27)
[2024-03-01 13:05:59] Importing comment_issue.yml.trap.gz (3 of 27)
[2024-03-01 13:05:59] Importing comment_issue_newline.yml.trap.gz (4 of 27)
[2024-03-01 13:05:59] Importing cross1.yml.trap.gz (5 of 27)
[2024-03-01 13:05:59] Importing cross2.yml.trap.gz (6 of 27)
[2024-03-01 13:05:59] Importing cross3.yml.trap.gz (7 of 27)
[2024-03-01 13:05:59] Importing discussion.yml.trap.gz (8 of 27)
[2024-03-01 13:05:59] Importing discussion_comment.yml.trap.gz (9 of 27)
[2024-03-01 13:05:59] Importing gollum.yml.trap.gz (10 of 27)
[2024-03-01 13:05:59] Importing image_link_generator.yml.trap.gz (11 of 27)
[2024-03-01 13:05:59] Importing inter-job.yml.trap.gz (12 of 27)
[2024-03-01 13:05:59] Importing issues.yaml.trap.gz (13 of 27)
[2024-03-01 13:05:59] Importing matrix.yml.trap.gz (14 of 27)
[2024-03-01 13:05:59] Importing no-flow1.yml.trap.gz (15 of 27)
[2024-03-01 13:05:59] Importing no-flow2.yml.trap.gz (16 of 27)
[2024-03-01 13:05:59] Importing pull_request_review.yml.trap.gz (17 of 27)
[2024-03-01 13:05:59] Importing pull_request_review_comment.yml.trap.gz (18 of 27)
[2024-03-01 13:05:59] Importing pull_request_target.yml.trap.gz (19 of 27)
[2024-03-01 13:05:59] Importing push.yml.trap.gz (20 of 27)
[2024-03-01 13:05:59] Importing simple1.yml.trap.gz (21 of 27)
[2024-03-01 13:05:59] Importing simple2.yml.trap.gz (22 of 27)
[2024-03-01 13:05:59] Importing test.yml.trap.gz (23 of 27)
[2024-03-01 13:05:59] Importing workflow_run.yml.trap.gz (24 of 27)
[2024-03-01 13:05:59] Importing action.yml.trap.gz (25 of 27)
[2024-03-01 13:05:59] Importing action.yml.trap.gz (26 of 27)
[2024-03-01 13:05:59] Importing sourceLocationPrefix.trap.gz (27 of 27)
[2024-03-01 13:05:59] [PROGRESS] dataset import> Merging relations
[2024-03-01 13:05:59] Merging 1 fragment for 'files'.
[2024-03-01 13:05:59] Merged 208 bytes for 'files'.
[2024-03-01 13:05:59] Merging 1 fragment for 'folders'.
[2024-03-01 13:05:59] Merged 128 bytes for 'folders'.
[2024-03-01 13:05:59] Merging 1 fragment for 'containerparent'.
[2024-03-01 13:05:59] Merged 328 bytes for 'containerparent'.
[2024-03-01 13:05:59] Merging 1 fragment for 'yaml_scalars'.
[2024-03-01 13:05:59] Merged 12540 bytes (12.25 KiB) for 'yaml_scalars'.
[2024-03-01 13:05:59] Merging 1 fragment for 'yaml'.
[2024-03-01 13:05:59] Merged 33384 bytes (32.60 KiB) for 'yaml'.
[2024-03-01 13:05:59] Merging 1 fragment for 'locations_default'.
[2024-03-01 13:05:59] Merged 33384 bytes (32.60 KiB) for 'locations_default'.
[2024-03-01 13:05:59] Merging 1 fragment for 'yaml_locations'.
[2024-03-01 13:05:59] Merged 11128 bytes (10.87 KiB) for 'yaml_locations'.
[2024-03-01 13:05:59] Merging 1 fragment for 'sourceLocationPrefix'.
[2024-03-01 13:05:59] Merged 4 bytes for 'sourceLocationPrefix'.
[2024-03-01 13:05:59] Saving string and id pools to disk.
[2024-03-01 13:05:59] Finished importing TRAP files.
[2024-03-01 13:05:59] Read 360.45 KiB of uncompressed TRAP data.
[2024-03-01 13:05:59] Relation data size: 88.97 KiB (merge rate: 1.39 MiB/s)
[2024-03-01 13:05:59] String pool size: 2.06 MiB
[2024-03-01 13:05:59] ID pool size: 1.08 MiB
[2024-03-01 13:05:59] [PROGRESS] dataset import> Finished writing database (relations: 88.97 KiB; string pool: 2.06 MiB).
[2024-03-01 13:05:59] Pausing evaluation to close the cache at sequence stamp o+3
[2024-03-01 13:05:59] The disk cache is freshly trimmed; leave it be.
[2024-03-01 13:05:59] Unpausing evaluation
[2024-03-01 13:05:59] Plumbing command codeql dataset import completed.
[2024-03-01 13:05:59] [PROGRESS] database finalize> TRAP import complete (560ms).
[2024-03-01 13:05:59] Running plumbing command: codeql database cleanup --mode=trim -- /Users/pwntester/src/github.com/githubsecuritylab/codeql-actions/db
[2024-03-01 13:05:59] [PROGRESS] database cleanup> Cleaning up existing TRAP files after import...
[2024-03-01 13:05:59] [PROGRESS] database cleanup> TRAP files cleaned up (13ms).
[2024-03-01 13:05:59] [PROGRESS] database cleanup> Cleaning up scratch directory...
[2024-03-01 13:05:59] [PROGRESS] database cleanup> Scratch directory cleaned up (1ms).
[2024-03-01 13:05:59] Running plumbing command: codeql dataset cleanup --mode=trim -- /Users/pwntester/src/github.com/githubsecuritylab/codeql-actions/db/db-yaml
[2024-03-01 13:05:59] [PROGRESS] dataset cleanup> Cleaning up dataset in /Users/pwntester/src/github.com/githubsecuritylab/codeql-actions/db/db-yaml.
[2024-03-01 13:05:59] Trimming disk cache at /Users/pwntester/src/github.com/githubsecuritylab/codeql-actions/db/db-yaml/default/cache in mode trim.
[2024-03-01 13:05:59] Sequence stamp origin is -6212520900610201313
[2024-03-01 13:05:59] Pausing evaluation to quickly trim memory at sequence stamp o+0
[2024-03-01 13:05:59] Unpausing evaluation
[2024-03-01 13:05:59] Pausing evaluation to zealously trim disk at sequence stamp o+1
[2024-03-01 13:05:59] Unpausing evaluation
[2024-03-01 13:06:00] Trimming completed (3ms): Trimmed disposable data from cache.
[2024-03-01 13:06:00] Pausing evaluation to close the cache at sequence stamp o+2
[2024-03-01 13:06:00] The disk cache is freshly trimmed; leave it be.
[2024-03-01 13:06:00] Unpausing evaluation
[2024-03-01 13:06:00] [PROGRESS] dataset cleanup> Trimmed disposable data from cache.
[2024-03-01 13:06:00] [PROGRESS] dataset cleanup> Finalizing dataset in /Users/pwntester/src/github.com/githubsecuritylab/codeql-actions/db/db-yaml
[2024-03-01 13:06:00] [DETAILS] dataset cleanup> Finished deleting ID pool from /Users/pwntester/src/github.com/githubsecuritylab/codeql-actions/db/db-yaml (3ms).
[2024-03-01 13:06:00] Plumbing command codeql dataset cleanup completed.
[2024-03-01 13:06:00] Plumbing command codeql database cleanup completed with status 0.
[2024-03-01 13:06:00] [PROGRESS] database finalize> Finished zipping source archive (20.00 KiB).
[2024-03-01 13:06:00] Plumbing command codeql database finalize completed.
[2024-03-01 13:06:00] [PROGRESS] database create> Successfully created database at /Users/pwntester/src/github.com/githubsecuritylab/codeql-actions/db.
[2024-03-01 13:06:00] Terminating normally.
